running egg_info
writing ../../build/carla_parking_nodes/carla_parking_nodes.egg-info/PKG-INFO
writing dependency_links to ../../build/carla_parking_nodes/carla_parking_nodes.egg-info/dependency_links.txt
writing entry points to ../../build/carla_parking_nodes/carla_parking_nodes.egg-info/entry_points.txt
writing requirements to ../../build/carla_parking_nodes/carla_parking_nodes.egg-info/requires.txt
writing top-level names to ../../build/carla_parking_nodes/carla_parking_nodes.egg-info/top_level.txt
reading manifest file '../../build/carla_parking_nodes/carla_parking_nodes.egg-info/SOURCES.txt'
writing manifest file '../../build/carla_parking_nodes/carla_parking_nodes.egg-info/SOURCES.txt'
running build
running build_py
copying carla_parking_nodes/spawn_vehicle_node.py -> /home/student/carla_ros2_ws/build/carla_parking_nodes/build/lib/carla_parking_nodes
running install
running install_lib
copying /home/student/carla_ros2_ws/build/carla_parking_nodes/build/lib/carla_parking_nodes/spawn_vehicle_node.py -> /home/student/carla_ros2_ws/install/carla_parking_nodes/lib/python3.10/site-packages/carla_parking_nodes
byte-compiling /home/student/carla_ros2_ws/install/carla_parking_nodes/lib/python3.10/site-packages/carla_parking_nodes/spawn_vehicle_node.py to spawn_vehicle_node.cpython-310.pyc
running install_data
running install_egg_info
removing '/home/student/carla_ros2_ws/install/carla_parking_nodes/lib/python3.10/site-packages/carla_parking_nodes-0.0.0-py3.10.egg-info' (and everything under it)
Copying ../../build/carla_parking_nodes/carla_parking_nodes.egg-info to /home/student/carla_ros2_ws/install/carla_parking_nodes/lib/python3.10/site-packages/carla_parking_nodes-0.0.0-py3.10.egg-info
running install_scripts
Installing spawn_vehicle_node script to /home/student/carla_ros2_ws/install/carla_parking_nodes/lib/carla_parking_nodes
writing list of installed files to '/home/student/carla_ros2_ws/build/carla_parking_nodes/install.log'
