[0.010s] Invoking command in '/home/student/carla_ros2_ws/build/carla_parking_msgs': CMAKE_PREFIX_PATH=${CMAKE_PREFIX_PATH}:/home/student/carla_ros2_ws/install/carla_parking_nodes /usr/bin/cmake --build /home/student/carla_ros2_ws/build/carla_parking_msgs -- -j24 -l24
[0.053s] [  3%] Built target carla_parking_msgs__cpp
[0.053s] [ 12%] Built target carla_parking_msgs__rosidl_generator_c
[0.059s] [ 12%] Built target ament_cmake_python_copy_carla_parking_msgs
[0.066s] [ 29%] Built target carla_parking_msgs__rosidl_typesupport_introspection_cpp
[0.066s] [ 32%] Built target carla_parking_msgs__rosidl_typesupport_c
[0.070s] [ 41%] Built target carla_parking_msgs__rosidl_typesupport_cpp
[0.071s] [ 51%] Built target carla_parking_msgs__rosidl_typesupport_introspection_c
[0.072s] [ 61%] Built target carla_parking_msgs__rosidl_typesupport_fastrtps_cpp
[0.072s] [ 70%] Built target carla_parking_msgs__rosidl_typesupport_fastrtps_c
[0.090s] [ 70%] Built target carla_parking_msgs
[0.106s] [ 74%] Built target carla_parking_msgs__py
[0.121s] [ 80%] Built target carla_parking_msgs__rosidl_generator_py
[0.136s] [ 87%] Built target carla_parking_msgs__rosidl_typesupport_c__pyext
[0.137s] [ 93%] Built target carla_parking_msgs__rosidl_typesupport_fastrtps_c__pyext
[0.142s] [100%] Built target carla_parking_msgs__rosidl_typesupport_introspection_c__pyext
[0.193s] running egg_info
[0.198s] writing carla_parking_msgs.egg-info/PKG-INFO
[0.198s] writing dependency_links to carla_parking_msgs.egg-info/dependency_links.txt
[0.199s] writing top-level names to carla_parking_msgs.egg-info/top_level.txt
[0.216s] reading manifest file 'carla_parking_msgs.egg-info/SOURCES.txt'
[0.217s] writing manifest file 'carla_parking_msgs.egg-info/SOURCES.txt'
[0.239s] [100%] Built target ament_cmake_python_build_carla_parking_msgs_egg
[0.248s] Invoked command in '/home/student/carla_ros2_ws/build/carla_parking_msgs' returned '0': CMAKE_PREFIX_PATH=${CMAKE_PREFIX_PATH}:/home/student/carla_ros2_ws/install/carla_parking_nodes /usr/bin/cmake --build /home/student/carla_ros2_ws/build/carla_parking_msgs -- -j24 -l24
[0.256s] Invoking command in '/home/student/carla_ros2_ws/build/carla_parking_msgs': CMAKE_PREFIX_PATH=${CMAKE_PREFIX_PATH}:/home/student/carla_ros2_ws/install/carla_parking_nodes /usr/bin/cmake --install /home/student/carla_ros2_ws/build/carla_parking_msgs
[0.264s] -- Install configuration: ""
[0.264s] -- Up-to-date: /home/student/carla_ros2_ws/install/carla_parking_msgs/share/ament_index/resource_index/rosidl_interfaces/carla_parking_msgs
[0.264s] -- Up-to-date: /home/student/carla_ros2_ws/install/carla_parking_msgs/include/carla_parking_msgs/carla_parking_msgs
[0.264s] -- Up-to-date: /home/student/carla_ros2_ws/install/carla_parking_msgs/include/carla_parking_msgs/carla_parking_msgs/msg
[0.264s] -- Up-to-date: /home/student/carla_ros2_ws/install/carla_parking_msgs/include/carla_parking_msgs/carla_parking_msgs/msg/vehicle_control.h
[0.264s] -- Up-to-date: /home/student/carla_ros2_ws/install/carla_parking_msgs/include/carla_parking_msgs/carla_parking_msgs/msg/rosidl_generator_c__visibility_control.h
[0.264s] -- Up-to-date: /home/student/carla_ros2_ws/install/carla_parking_msgs/include/carla_parking_msgs/carla_parking_msgs/msg/detail
[0.264s] -- Up-to-date: /home/student/carla_ros2_ws/install/carla_parking_msgs/include/carla_parking_msgs/carla_parking_msgs/msg/detail/vehicle_control__functions.c
[0.264s] -- Up-to-date: /home/student/carla_ros2_ws/install/carla_parking_msgs/include/carla_parking_msgs/carla_parking_msgs/msg/detail/vehicle_control__struct.h
[0.264s] -- Up-to-date: /home/student/carla_ros2_ws/install/carla_parking_msgs/include/carla_parking_msgs/carla_parking_msgs/msg/detail/vehicle_control__functions.h
[0.264s] -- Up-to-date: /home/student/carla_ros2_ws/install/carla_parking_msgs/include/carla_parking_msgs/carla_parking_msgs/msg/detail/vehicle_control__type_support.h
[0.264s] -- Up-to-date: /home/student/carla_ros2_ws/install/carla_parking_msgs/share/carla_parking_msgs/environment/library_path.sh
[0.264s] -- Up-to-date: /home/student/carla_ros2_ws/install/carla_parking_msgs/share/carla_parking_msgs/environment/library_path.dsv
[0.264s] -- Up-to-date: /home/student/carla_ros2_ws/install/carla_parking_msgs/lib/libcarla_parking_msgs__rosidl_generator_c.so
[0.264s] -- Up-to-date: /home/student/carla_ros2_ws/install/carla_parking_msgs/include/carla_parking_msgs/carla_parking_msgs
[0.264s] -- Up-to-date: /home/student/carla_ros2_ws/install/carla_parking_msgs/include/carla_parking_msgs/carla_parking_msgs/msg
[0.264s] -- Up-to-date: /home/student/carla_ros2_ws/install/carla_parking_msgs/include/carla_parking_msgs/carla_parking_msgs/msg/rosidl_typesupport_fastrtps_c__visibility_control.h
[0.265s] -- Up-to-date: /home/student/carla_ros2_ws/install/carla_parking_msgs/include/carla_parking_msgs/carla_parking_msgs/msg/detail
[0.265s] -- Up-to-date: /home/student/carla_ros2_ws/install/carla_parking_msgs/include/carla_parking_msgs/carla_parking_msgs/msg/detail/vehicle_control__rosidl_typesupport_fastrtps_c.h
[0.265s] -- Up-to-date: /home/student/carla_ros2_ws/install/carla_parking_msgs/lib/libcarla_parking_msgs__rosidl_typesupport_fastrtps_c.so
[0.265s] -- Up-to-date: /home/student/carla_ros2_ws/install/carla_parking_msgs/include/carla_parking_msgs/carla_parking_msgs
[0.265s] -- Up-to-date: /home/student/carla_ros2_ws/install/carla_parking_msgs/include/carla_parking_msgs/carla_parking_msgs/msg
[0.265s] -- Up-to-date: /home/student/carla_ros2_ws/install/carla_parking_msgs/include/carla_parking_msgs/carla_parking_msgs/msg/rosidl_typesupport_introspection_c__visibility_control.h
[0.265s] -- Up-to-date: /home/student/carla_ros2_ws/install/carla_parking_msgs/include/carla_parking_msgs/carla_parking_msgs/msg/detail
[0.265s] -- Up-to-date: /home/student/carla_ros2_ws/install/carla_parking_msgs/include/carla_parking_msgs/carla_parking_msgs/msg/detail/vehicle_control__rosidl_typesupport_introspection_c.h
[0.265s] -- Up-to-date: /home/student/carla_ros2_ws/install/carla_parking_msgs/include/carla_parking_msgs/carla_parking_msgs/msg/detail/vehicle_control__type_support.c
[0.265s] -- Up-to-date: /home/student/carla_ros2_ws/install/carla_parking_msgs/lib/libcarla_parking_msgs__rosidl_typesupport_introspection_c.so
[0.265s] -- Up-to-date: /home/student/carla_ros2_ws/install/carla_parking_msgs/lib/libcarla_parking_msgs__rosidl_typesupport_c.so
[0.265s] -- Up-to-date: /home/student/carla_ros2_ws/install/carla_parking_msgs/include/carla_parking_msgs/carla_parking_msgs
[0.265s] -- Up-to-date: /home/student/carla_ros2_ws/install/carla_parking_msgs/include/carla_parking_msgs/carla_parking_msgs/msg
[0.265s] -- Up-to-date: /home/student/carla_ros2_ws/install/carla_parking_msgs/include/carla_parking_msgs/carla_parking_msgs/msg/vehicle_control.hpp
[0.265s] -- Up-to-date: /home/student/carla_ros2_ws/install/carla_parking_msgs/include/carla_parking_msgs/carla_parking_msgs/msg/rosidl_generator_cpp__visibility_control.hpp
[0.265s] -- Up-to-date: /home/student/carla_ros2_ws/install/carla_parking_msgs/include/carla_parking_msgs/carla_parking_msgs/msg/detail
[0.265s] -- Up-to-date: /home/student/carla_ros2_ws/install/carla_parking_msgs/include/carla_parking_msgs/carla_parking_msgs/msg/detail/vehicle_control__type_support.hpp
[0.265s] -- Up-to-date: /home/student/carla_ros2_ws/install/carla_parking_msgs/include/carla_parking_msgs/carla_parking_msgs/msg/detail/vehicle_control__builder.hpp
[0.266s] -- Up-to-date: /home/student/carla_ros2_ws/install/carla_parking_msgs/include/carla_parking_msgs/carla_parking_msgs/msg/detail/vehicle_control__traits.hpp
[0.266s] -- Up-to-date: /home/student/carla_ros2_ws/install/carla_parking_msgs/include/carla_parking_msgs/carla_parking_msgs/msg/detail/vehicle_control__struct.hpp
[0.266s] -- Up-to-date: /home/student/carla_ros2_ws/install/carla_parking_msgs/include/carla_parking_msgs/carla_parking_msgs
[0.266s] -- Up-to-date: /home/student/carla_ros2_ws/install/carla_parking_msgs/include/carla_parking_msgs/carla_parking_msgs/msg
[0.266s] -- Up-to-date: /home/student/carla_ros2_ws/install/carla_parking_msgs/include/carla_parking_msgs/carla_parking_msgs/msg/rosidl_typesupport_fastrtps_cpp__visibility_control.h
[0.266s] -- Up-to-date: /home/student/carla_ros2_ws/install/carla_parking_msgs/include/carla_parking_msgs/carla_parking_msgs/msg/detail
[0.266s] -- Up-to-date: /home/student/carla_ros2_ws/install/carla_parking_msgs/include/carla_parking_msgs/carla_parking_msgs/msg/detail/dds_fastrtps
[0.266s] -- Up-to-date: /home/student/carla_ros2_ws/install/carla_parking_msgs/include/carla_parking_msgs/carla_parking_msgs/msg/detail/vehicle_control__rosidl_typesupport_fastrtps_cpp.hpp
[0.266s] -- Up-to-date: /home/student/carla_ros2_ws/install/carla_parking_msgs/lib/libcarla_parking_msgs__rosidl_typesupport_fastrtps_cpp.so
[0.266s] -- Up-to-date: /home/student/carla_ros2_ws/install/carla_parking_msgs/include/carla_parking_msgs/carla_parking_msgs
[0.266s] -- Up-to-date: /home/student/carla_ros2_ws/install/carla_parking_msgs/include/carla_parking_msgs/carla_parking_msgs/msg
[0.266s] -- Up-to-date: /home/student/carla_ros2_ws/install/carla_parking_msgs/include/carla_parking_msgs/carla_parking_msgs/msg/detail
[0.266s] -- Up-to-date: /home/student/carla_ros2_ws/install/carla_parking_msgs/include/carla_parking_msgs/carla_parking_msgs/msg/detail/vehicle_control__rosidl_typesupport_introspection_cpp.hpp
[0.266s] -- Up-to-date: /home/student/carla_ros2_ws/install/carla_parking_msgs/include/carla_parking_msgs/carla_parking_msgs/msg/detail/vehicle_control__type_support.cpp
[0.266s] -- Up-to-date: /home/student/carla_ros2_ws/install/carla_parking_msgs/lib/libcarla_parking_msgs__rosidl_typesupport_introspection_cpp.so
[0.266s] -- Up-to-date: /home/student/carla_ros2_ws/install/carla_parking_msgs/lib/libcarla_parking_msgs__rosidl_typesupport_cpp.so
[0.266s] -- Up-to-date: /home/student/carla_ros2_ws/install/carla_parking_msgs/share/carla_parking_msgs/environment/pythonpath.sh
[0.266s] -- Up-to-date: /home/student/carla_ros2_ws/install/carla_parking_msgs/share/carla_parking_msgs/environment/pythonpath.dsv
[0.267s] -- Up-to-date: /home/student/carla_ros2_ws/install/carla_parking_msgs/local/lib/python3.10/dist-packages/carla_parking_msgs-0.0.0-py3.10.egg-info
[0.267s] -- Installing: /home/student/carla_ros2_ws/install/carla_parking_msgs/local/lib/python3.10/dist-packages/carla_parking_msgs-0.0.0-py3.10.egg-info/dependency_links.txt
[0.267s] -- Installing: /home/student/carla_ros2_ws/install/carla_parking_msgs/local/lib/python3.10/dist-packages/carla_parking_msgs-0.0.0-py3.10.egg-info/PKG-INFO
[0.267s] -- Installing: /home/student/carla_ros2_ws/install/carla_parking_msgs/local/lib/python3.10/dist-packages/carla_parking_msgs-0.0.0-py3.10.egg-info/top_level.txt
[0.267s] -- Installing: /home/student/carla_ros2_ws/install/carla_parking_msgs/local/lib/python3.10/dist-packages/carla_parking_msgs-0.0.0-py3.10.egg-info/SOURCES.txt
[0.267s] -- Up-to-date: /home/student/carla_ros2_ws/install/carla_parking_msgs/local/lib/python3.10/dist-packages/carla_parking_msgs
[0.267s] -- Up-to-date: /home/student/carla_ros2_ws/install/carla_parking_msgs/local/lib/python3.10/dist-packages/carla_parking_msgs/carla_parking_msgs_s__rosidl_typesupport_fastrtps_c.cpython-310-x86_64-linux-gnu.so
[0.267s] -- Up-to-date: /home/student/carla_ros2_ws/install/carla_parking_msgs/local/lib/python3.10/dist-packages/carla_parking_msgs/carla_parking_msgs_s__rosidl_typesupport_c.cpython-310-x86_64-linux-gnu.so
[0.267s] -- Up-to-date: /home/student/carla_ros2_ws/install/carla_parking_msgs/local/lib/python3.10/dist-packages/carla_parking_msgs/libcarla_parking_msgs__rosidl_generator_py.so
[0.267s] -- Up-to-date: /home/student/carla_ros2_ws/install/carla_parking_msgs/local/lib/python3.10/dist-packages/carla_parking_msgs/carla_parking_msgs_s__rosidl_typesupport_introspection_c.cpython-310-x86_64-linux-gnu.so
[0.267s] -- Up-to-date: /home/student/carla_ros2_ws/install/carla_parking_msgs/local/lib/python3.10/dist-packages/carla_parking_msgs/_carla_parking_msgs_s.ep.rosidl_typesupport_introspection_c.c
[0.267s] -- Up-to-date: /home/student/carla_ros2_ws/install/carla_parking_msgs/local/lib/python3.10/dist-packages/carla_parking_msgs/_carla_parking_msgs_s.ep.rosidl_typesupport_c.c
[0.268s] -- Up-to-date: /home/student/carla_ros2_ws/install/carla_parking_msgs/local/lib/python3.10/dist-packages/carla_parking_msgs/_carla_parking_msgs_s.ep.rosidl_typesupport_fastrtps_c.c
[0.268s] -- Up-to-date: /home/student/carla_ros2_ws/install/carla_parking_msgs/local/lib/python3.10/dist-packages/carla_parking_msgs/msg
[0.268s] -- Up-to-date: /home/student/carla_ros2_ws/install/carla_parking_msgs/local/lib/python3.10/dist-packages/carla_parking_msgs/msg/_vehicle_control.py
[0.268s] -- Up-to-date: /home/student/carla_ros2_ws/install/carla_parking_msgs/local/lib/python3.10/dist-packages/carla_parking_msgs/msg/_vehicle_control_s.c
[0.268s] -- Up-to-date: /home/student/carla_ros2_ws/install/carla_parking_msgs/local/lib/python3.10/dist-packages/carla_parking_msgs/msg/__init__.py
[0.268s] -- Up-to-date: /home/student/carla_ros2_ws/install/carla_parking_msgs/local/lib/python3.10/dist-packages/carla_parking_msgs/__init__.py
[0.301s] Listing '/home/student/carla_ros2_ws/install/carla_parking_msgs/local/lib/python3.10/dist-packages/carla_parking_msgs'...
[0.301s] Listing '/home/student/carla_ros2_ws/install/carla_parking_msgs/local/lib/python3.10/dist-packages/carla_parking_msgs/msg'...
[0.306s] -- Up-to-date: /home/student/carla_ros2_ws/install/carla_parking_msgs/local/lib/python3.10/dist-packages/carla_parking_msgs/carla_parking_msgs_s__rosidl_typesupport_fastrtps_c.cpython-310-x86_64-linux-gnu.so
[0.306s] -- Up-to-date: /home/student/carla_ros2_ws/install/carla_parking_msgs/local/lib/python3.10/dist-packages/carla_parking_msgs/carla_parking_msgs_s__rosidl_typesupport_introspection_c.cpython-310-x86_64-linux-gnu.so
[0.307s] -- Up-to-date: /home/student/carla_ros2_ws/install/carla_parking_msgs/local/lib/python3.10/dist-packages/carla_parking_msgs/carla_parking_msgs_s__rosidl_typesupport_c.cpython-310-x86_64-linux-gnu.so
[0.307s] -- Up-to-date: /home/student/carla_ros2_ws/install/carla_parking_msgs/lib/libcarla_parking_msgs__rosidl_generator_py.so
[0.307s] -- Up-to-date: /home/student/carla_ros2_ws/install/carla_parking_msgs/share/carla_parking_msgs/msg/VehicleControl.idl
[0.307s] -- Up-to-date: /home/student/carla_ros2_ws/install/carla_parking_msgs/share/carla_parking_msgs/msg/VehicleControl.msg
[0.307s] -- Up-to-date: /home/student/carla_ros2_ws/install/carla_parking_msgs/share/ament_index/resource_index/package_run_dependencies/carla_parking_msgs
[0.307s] -- Up-to-date: /home/student/carla_ros2_ws/install/carla_parking_msgs/share/ament_index/resource_index/parent_prefix_path/carla_parking_msgs
[0.307s] -- Up-to-date: /home/student/carla_ros2_ws/install/carla_parking_msgs/share/carla_parking_msgs/environment/ament_prefix_path.sh
[0.307s] -- Up-to-date: /home/student/carla_ros2_ws/install/carla_parking_msgs/share/carla_parking_msgs/environment/ament_prefix_path.dsv
[0.307s] -- Up-to-date: /home/student/carla_ros2_ws/install/carla_parking_msgs/share/carla_parking_msgs/environment/path.sh
[0.307s] -- Up-to-date: /home/student/carla_ros2_ws/install/carla_parking_msgs/share/carla_parking_msgs/environment/path.dsv
[0.307s] -- Up-to-date: /home/student/carla_ros2_ws/install/carla_parking_msgs/share/carla_parking_msgs/local_setup.bash
[0.307s] -- Up-to-date: /home/student/carla_ros2_ws/install/carla_parking_msgs/share/carla_parking_msgs/local_setup.sh
[0.307s] -- Up-to-date: /home/student/carla_ros2_ws/install/carla_parking_msgs/share/carla_parking_msgs/local_setup.zsh
[0.307s] -- Up-to-date: /home/student/carla_ros2_ws/install/carla_parking_msgs/share/carla_parking_msgs/local_setup.dsv
[0.307s] -- Installing: /home/student/carla_ros2_ws/install/carla_parking_msgs/share/carla_parking_msgs/package.dsv
[0.308s] -- Up-to-date: /home/student/carla_ros2_ws/install/carla_parking_msgs/share/ament_index/resource_index/packages/carla_parking_msgs
[0.308s] -- Up-to-date: /home/student/carla_ros2_ws/install/carla_parking_msgs/share/carla_parking_msgs/cmake/export_carla_parking_msgs__rosidl_generator_cExport.cmake
[0.308s] -- Up-to-date: /home/student/carla_ros2_ws/install/carla_parking_msgs/share/carla_parking_msgs/cmake/export_carla_parking_msgs__rosidl_generator_cExport-noconfig.cmake
[0.308s] -- Up-to-date: /home/student/carla_ros2_ws/install/carla_parking_msgs/share/carla_parking_msgs/cmake/export_carla_parking_msgs__rosidl_typesupport_fastrtps_cExport.cmake
[0.308s] -- Up-to-date: /home/student/carla_ros2_ws/install/carla_parking_msgs/share/carla_parking_msgs/cmake/export_carla_parking_msgs__rosidl_typesupport_fastrtps_cExport-noconfig.cmake
[0.308s] -- Up-to-date: /home/student/carla_ros2_ws/install/carla_parking_msgs/share/carla_parking_msgs/cmake/carla_parking_msgs__rosidl_typesupport_introspection_cExport.cmake
[0.308s] -- Up-to-date: /home/student/carla_ros2_ws/install/carla_parking_msgs/share/carla_parking_msgs/cmake/carla_parking_msgs__rosidl_typesupport_introspection_cExport-noconfig.cmake
[0.308s] -- Up-to-date: /home/student/carla_ros2_ws/install/carla_parking_msgs/share/carla_parking_msgs/cmake/carla_parking_msgs__rosidl_typesupport_cExport.cmake
[0.308s] -- Up-to-date: /home/student/carla_ros2_ws/install/carla_parking_msgs/share/carla_parking_msgs/cmake/carla_parking_msgs__rosidl_typesupport_cExport-noconfig.cmake
[0.308s] -- Up-to-date: /home/student/carla_ros2_ws/install/carla_parking_msgs/share/carla_parking_msgs/cmake/export_carla_parking_msgs__rosidl_generator_cppExport.cmake
[0.308s] -- Up-to-date: /home/student/carla_ros2_ws/install/carla_parking_msgs/share/carla_parking_msgs/cmake/export_carla_parking_msgs__rosidl_typesupport_fastrtps_cppExport.cmake
[0.308s] -- Up-to-date: /home/student/carla_ros2_ws/install/carla_parking_msgs/share/carla_parking_msgs/cmake/export_carla_parking_msgs__rosidl_typesupport_fastrtps_cppExport-noconfig.cmake
[0.308s] -- Up-to-date: /home/student/carla_ros2_ws/install/carla_parking_msgs/share/carla_parking_msgs/cmake/carla_parking_msgs__rosidl_typesupport_introspection_cppExport.cmake
[0.308s] -- Up-to-date: /home/student/carla_ros2_ws/install/carla_parking_msgs/share/carla_parking_msgs/cmake/carla_parking_msgs__rosidl_typesupport_introspection_cppExport-noconfig.cmake
[0.308s] -- Up-to-date: /home/student/carla_ros2_ws/install/carla_parking_msgs/share/carla_parking_msgs/cmake/carla_parking_msgs__rosidl_typesupport_cppExport.cmake
[0.308s] -- Up-to-date: /home/student/carla_ros2_ws/install/carla_parking_msgs/share/carla_parking_msgs/cmake/carla_parking_msgs__rosidl_typesupport_cppExport-noconfig.cmake
[0.309s] -- Up-to-date: /home/student/carla_ros2_ws/install/carla_parking_msgs/share/carla_parking_msgs/cmake/export_carla_parking_msgs__rosidl_generator_pyExport.cmake
[0.309s] -- Up-to-date: /home/student/carla_ros2_ws/install/carla_parking_msgs/share/carla_parking_msgs/cmake/export_carla_parking_msgs__rosidl_generator_pyExport-noconfig.cmake
[0.309s] -- Up-to-date: /home/student/carla_ros2_ws/install/carla_parking_msgs/share/carla_parking_msgs/cmake/rosidl_cmake-extras.cmake
[0.309s] -- Up-to-date: /home/student/carla_ros2_ws/install/carla_parking_msgs/share/carla_parking_msgs/cmake/ament_cmake_export_include_directories-extras.cmake
[0.309s] -- Up-to-date: /home/student/carla_ros2_ws/install/carla_parking_msgs/share/carla_parking_msgs/cmake/ament_cmake_export_libraries-extras.cmake
[0.309s] -- Up-to-date: /home/student/carla_ros2_ws/install/carla_parking_msgs/share/carla_parking_msgs/cmake/ament_cmake_export_targets-extras.cmake
[0.309s] -- Up-to-date: /home/student/carla_ros2_ws/install/carla_parking_msgs/share/carla_parking_msgs/cmake/rosidl_cmake_export_typesupport_targets-extras.cmake
[0.309s] -- Up-to-date: /home/student/carla_ros2_ws/install/carla_parking_msgs/share/carla_parking_msgs/cmake/ament_cmake_export_dependencies-extras.cmake
[0.309s] -- Up-to-date: /home/student/carla_ros2_ws/install/carla_parking_msgs/share/carla_parking_msgs/cmake/rosidl_cmake_export_typesupport_libraries-extras.cmake
[0.309s] -- Up-to-date: /home/student/carla_ros2_ws/install/carla_parking_msgs/share/carla_parking_msgs/cmake/carla_parking_msgsConfig.cmake
[0.309s] -- Up-to-date: /home/student/carla_ros2_ws/install/carla_parking_msgs/share/carla_parking_msgs/cmake/carla_parking_msgsConfig-version.cmake
[0.309s] -- Up-to-date: /home/student/carla_ros2_ws/install/carla_parking_msgs/share/carla_parking_msgs/package.xml
[0.311s] Invoked command in '/home/student/carla_ros2_ws/build/carla_parking_msgs' returned '0': CMAKE_PREFIX_PATH=${CMAKE_PREFIX_PATH}:/home/student/carla_ros2_ws/install/carla_parking_nodes /usr/bin/cmake --install /home/student/carla_ros2_ws/build/carla_parking_msgs
