[0.816s] Invoking command in '/home/student/carla_ros2_ws/src/carla_parking_nodes': PYTHONPATH=/home/student/carla_ros2_ws/build/carla_parking_nodes/prefix_override:/usr/lib/python3/dist-packages/colcon_core/task/python/colcon_distutils_commands:/home/student/carla_ros2_ws/install/carla_parking_nodes/lib/python3.10/site-packages:${PYTHONPATH} /usr/bin/python3 -W ignore:setup.py install is deprecated -W ignore:easy_install command is deprecated setup.py egg_info --egg-base ../../build/carla_parking_nodes build --build-base /home/student/carla_ros2_ws/build/carla_parking_nodes/build install --record /home/student/carla_ros2_ws/build/carla_parking_nodes/install.log --single-version-externally-managed install_data
[1.079s] running egg_info
[1.094s] writing ../../build/carla_parking_nodes/carla_parking_nodes.egg-info/PKG-INFO
[1.095s] writing dependency_links to ../../build/carla_parking_nodes/carla_parking_nodes.egg-info/dependency_links.txt
[1.095s] writing entry points to ../../build/carla_parking_nodes/carla_parking_nodes.egg-info/entry_points.txt
[1.096s] writing requirements to ../../build/carla_parking_nodes/carla_parking_nodes.egg-info/requires.txt
[1.096s] writing top-level names to ../../build/carla_parking_nodes/carla_parking_nodes.egg-info/top_level.txt
[1.130s] reading manifest file '../../build/carla_parking_nodes/carla_parking_nodes.egg-info/SOURCES.txt'
[1.131s] writing manifest file '../../build/carla_parking_nodes/carla_parking_nodes.egg-info/SOURCES.txt'
[1.131s] running build
[1.131s] running build_py
[1.131s] copying carla_parking_nodes/parking_map_node.py -> /home/student/carla_ros2_ws/build/carla_parking_nodes/build/lib/carla_parking_nodes
[1.131s] copying carla_parking_nodes/carla_interface_node.py -> /home/student/carla_ros2_ws/build/carla_parking_nodes/build/lib/carla_parking_nodes
[1.132s] copying carla_parking_nodes/data_logger_node.py -> /home/student/carla_ros2_ws/build/carla_parking_nodes/build/lib/carla_parking_nodes
[1.132s] copying carla_parking_nodes/parking_slots.py -> /home/student/carla_ros2_ws/build/carla_parking_nodes/build/lib/carla_parking_nodes
[1.132s] copying carla_parking_nodes/sensor_viewer_node.py -> /home/student/carla_ros2_ws/build/carla_parking_nodes/build/lib/carla_parking_nodes
[1.132s] copying carla_parking_nodes/__init__.py -> /home/student/carla_ros2_ws/build/carla_parking_nodes/build/lib/carla_parking_nodes
[1.132s] copying carla_parking_nodes/spawn_vehicle_nodeX.py -> /home/student/carla_ros2_ws/build/carla_parking_nodes/build/lib/carla_parking_nodes
[1.133s] running install
[1.136s] running install_lib
[1.154s] copying /home/student/carla_ros2_ws/build/carla_parking_nodes/build/lib/carla_parking_nodes/carla_interface_node.py -> /home/student/carla_ros2_ws/install/carla_parking_nodes/lib/python3.10/site-packages/carla_parking_nodes
[1.154s] byte-compiling /home/student/carla_ros2_ws/install/carla_parking_nodes/lib/python3.10/site-packages/carla_parking_nodes/carla_interface_node.py to carla_interface_node.cpython-310.pyc
[1.158s] running install_data
[1.158s] copying resource/carla_parking_nodes -> /home/student/carla_ros2_ws/install/carla_parking_nodes/share/ament_index/resource_index/packages
[1.158s] copying package.xml -> /home/student/carla_ros2_ws/install/carla_parking_nodes/share/carla_parking_nodes
[1.159s] running install_egg_info
[1.177s] removing '/home/student/carla_ros2_ws/install/carla_parking_nodes/lib/python3.10/site-packages/carla_parking_nodes-0.0.0-py3.10.egg-info' (and everything under it)
[1.177s] Copying ../../build/carla_parking_nodes/carla_parking_nodes.egg-info to /home/student/carla_ros2_ws/install/carla_parking_nodes/lib/python3.10/site-packages/carla_parking_nodes-0.0.0-py3.10.egg-info
[1.178s] running install_scripts
[1.306s] Installing carla_interface_node script to /home/student/carla_ros2_ws/install/carla_parking_nodes/lib/carla_parking_nodes
[1.306s] Installing parking_map_node script to /home/student/carla_ros2_ws/install/carla_parking_nodes/lib/carla_parking_nodes
[1.306s] Installing sensor_viewer_node script to /home/student/carla_ros2_ws/install/carla_parking_nodes/lib/carla_parking_nodes
[1.307s] writing list of installed files to '/home/student/carla_ros2_ws/build/carla_parking_nodes/install.log'
[1.330s] Invoked command in '/home/student/carla_ros2_ws/src/carla_parking_nodes' returned '0': PYTHONPATH=/home/student/carla_ros2_ws/build/carla_parking_nodes/prefix_override:/usr/lib/python3/dist-packages/colcon_core/task/python/colcon_distutils_commands:/home/student/carla_ros2_ws/install/carla_parking_nodes/lib/python3.10/site-packages:${PYTHONPATH} /usr/bin/python3 -W ignore:setup.py install is deprecated -W ignore:easy_install command is deprecated setup.py egg_info --egg-base ../../build/carla_parking_nodes build --build-base /home/student/carla_ros2_ws/build/carla_parking_nodes/build install --record /home/student/carla_ros2_ws/build/carla_parking_nodes/install.log --single-version-externally-managed install_data
