[0.113s] DEBUG:colcon:Command line arguments: ['/usr/bin/colcon', 'build']
[0.113s] DEBUG:colcon:Parsed command line arguments: Namespace(log_base=None, log_level=None, verb_name='build', build_base='build', install_base='install', merge_install=False, symlink_install=False, test_result_base=None, continue_on_error=False, executor='parallel', parallel_workers=24, event_handlers=None, ignore_user_meta=False, metas=['./colcon.meta'], base_paths=['.'], packages_ignore=None, packages_ignore_regex=None, paths=None, packages_up_to=None, packages_up_to_regex=None, packages_above=None, packages_above_and_dependencies=None, packages_above_depth=None, packages_select_by_dep=None, packages_skip_by_dep=None, packages_skip_up_to=None, packages_select_build_failed=False, packages_skip_build_finished=False, packages_select_test_failures=False, packages_skip_test_passed=False, packages_select=None, packages_skip=None, packages_select_regex=None, packages_skip_regex=None, packages_start=None, packages_end=None, allow_overriding=[], cmake_args=None, cmake_target=None, cmake_target_skip_unavailable=False, cmake_clean_cache=False, cmake_clean_first=False, cmake_force_configure=False, ament_cmake_args=None, catkin_cmake_args=None, catkin_skip_building_tests=False, mixin_files=None, mixin=None, verb_parser=<colcon_mixin.mixin.mixin_argument.MixinArgumentDecorator object at 0x6ffdc7f27940>, verb_extension=<colcon_core.verb.build.BuildVerb object at 0x6ffdc7f273d0>, main=<bound method BuildVerb.main of <colcon_core.verb.build.BuildVerb object at 0x6ffdc7f273d0>>, mixin_verb=('build',))
[0.159s] Level 1:colcon.colcon_core.package_discovery:discover_packages(colcon_meta) check parameters
[0.159s] Level 1:colcon.colcon_core.package_discovery:discover_packages(recursive) check parameters
[0.159s] Level 1:colcon.colcon_core.package_discovery:discover_packages(ignore) check parameters
[0.160s] Level 1:colcon.colcon_core.package_discovery:discover_packages(path) check parameters
[0.160s] Level 1:colcon.colcon_core.package_discovery:discover_packages(colcon_meta) discover
[0.160s] Level 1:colcon.colcon_core.package_discovery:discover_packages(recursive) discover
[0.160s] INFO:colcon.colcon_core.package_discovery:Crawling recursively for packages in '/home/student/carla_ros2_ws'
[0.160s] Level 1:colcon.colcon_core.package_identification:_identify(.) by extensions ['ignore', 'ignore_ament_install']
[0.160s] Level 1:colcon.colcon_core.package_identification:_identify(.) by extension 'ignore'
[0.160s] Level 1:colcon.colcon_core.package_identification:_identify(.) by extension 'ignore_ament_install'
[0.160s] Level 1:colcon.colcon_core.package_identification:_identify(.) by extensions ['colcon_pkg']
[0.160s] Level 1:colcon.colcon_core.package_identification:_identify(.) by extension 'colcon_pkg'
[0.160s] Level 1:colcon.colcon_core.package_identification:_identify(.) by extensions ['colcon_meta']
[0.160s] Level 1:colcon.colcon_core.package_identification:_identify(.) by extension 'colcon_meta'
[0.160s] Level 1:colcon.colcon_core.package_identification:_identify(.) by extensions ['ros']
[0.160s] Level 1:colcon.colcon_core.package_identification:_identify(.) by extension 'ros'
[0.178s] Level 1:colcon.colcon_core.package_identification:_identify(.) by extensions ['cmake', 'python']
[0.178s] Level 1:colcon.colcon_core.package_identification:_identify(.) by extension 'cmake'
[0.178s] Level 1:colcon.colcon_core.package_identification:_identify(.) by extension 'python'
[0.178s] Level 1:colcon.colcon_core.package_identification:_identify(.) by extensions ['python_setup_py']
[0.178s] Level 1:colcon.colcon_core.package_identification:_identify(.) by extension 'python_setup_py'
[0.178s] Level 1:colcon.colcon_core.package_identification:_identify(build) by extensions ['ignore', 'ignore_ament_install']
[0.178s] Level 1:colcon.colcon_core.package_identification:_identify(build) by extension 'ignore'
[0.178s] Level 1:colcon.colcon_core.package_identification:_identify(build) ignored
[0.178s] Level 1:colcon.colcon_core.package_identification:_identify(install) by extensions ['ignore', 'ignore_ament_install']
[0.178s] Level 1:colcon.colcon_core.package_identification:_identify(install) by extension 'ignore'
[0.179s] Level 1:colcon.colcon_core.package_identification:_identify(install) ignored
[0.179s] Level 1:colcon.colcon_core.package_identification:_identify(log) by extensions ['ignore', 'ignore_ament_install']
[0.179s] Level 1:colcon.colcon_core.package_identification:_identify(log) by extension 'ignore'
[0.179s] Level 1:colcon.colcon_core.package_identification:_identify(log) ignored
[0.179s] Level 1:colcon.colcon_core.package_identification:_identify(src) by extensions ['ignore', 'ignore_ament_install']
[0.179s] Level 1:colcon.colcon_core.package_identification:_identify(src) by extension 'ignore'
[0.179s] Level 1:colcon.colcon_core.package_identification:_identify(src) by extension 'ignore_ament_install'
[0.179s] Level 1:colcon.colcon_core.package_identification:_identify(src) by extensions ['colcon_pkg']
[0.179s] Level 1:colcon.colcon_core.package_identification:_identify(src) by extension 'colcon_pkg'
[0.179s] Level 1:colcon.colcon_core.package_identification:_identify(src) by extensions ['colcon_meta']
[0.179s] Level 1:colcon.colcon_core.package_identification:_identify(src) by extension 'colcon_meta'
[0.179s] Level 1:colcon.colcon_core.package_identification:_identify(src) by extensions ['ros']
[0.179s] Level 1:colcon.colcon_core.package_identification:_identify(src) by extension 'ros'
[0.179s] Level 1:colcon.colcon_core.package_identification:_identify(src) by extensions ['cmake', 'python']
[0.179s] Level 1:colcon.colcon_core.package_identification:_identify(src) by extension 'cmake'
[0.179s] Level 1:colcon.colcon_core.package_identification:_identify(src) by extension 'python'
[0.179s] Level 1:colcon.colcon_core.package_identification:_identify(src) by extensions ['python_setup_py']
[0.179s] Level 1:colcon.colcon_core.package_identification:_identify(src) by extension 'python_setup_py'
[0.180s] Level 1:colcon.colcon_core.package_identification:_identify(src/carla_parking_msgs) by extensions ['ignore', 'ignore_ament_install']
[0.180s] Level 1:colcon.colcon_core.package_identification:_identify(src/carla_parking_msgs) by extension 'ignore'
[0.180s] Level 1:colcon.colcon_core.package_identification:_identify(src/carla_parking_msgs) by extension 'ignore_ament_install'
[0.180s] Level 1:colcon.colcon_core.package_identification:_identify(src/carla_parking_msgs) by extensions ['colcon_pkg']
[0.180s] Level 1:colcon.colcon_core.package_identification:_identify(src/carla_parking_msgs) by extension 'colcon_pkg'
[0.180s] Level 1:colcon.colcon_core.package_identification:_identify(src/carla_parking_msgs) by extensions ['colcon_meta']
[0.180s] Level 1:colcon.colcon_core.package_identification:_identify(src/carla_parking_msgs) by extension 'colcon_meta'
[0.180s] Level 1:colcon.colcon_core.package_identification:_identify(src/carla_parking_msgs) by extensions ['ros']
[0.180s] Level 1:colcon.colcon_core.package_identification:_identify(src/carla_parking_msgs) by extension 'ros'
[0.183s] DEBUG:colcon.colcon_core.package_identification:Package 'src/carla_parking_msgs' with type 'ros.ament_cmake' and name 'carla_parking_msgs'
[0.183s] Level 1:colcon.colcon_core.package_identification:_identify(src/carla_parking_nodes) by extensions ['ignore', 'ignore_ament_install']
[0.183s] Level 1:colcon.colcon_core.package_identification:_identify(src/carla_parking_nodes) by extension 'ignore'
[0.183s] Level 1:colcon.colcon_core.package_identification:_identify(src/carla_parking_nodes) by extension 'ignore_ament_install'
[0.183s] Level 1:colcon.colcon_core.package_identification:_identify(src/carla_parking_nodes) by extensions ['colcon_pkg']
[0.183s] Level 1:colcon.colcon_core.package_identification:_identify(src/carla_parking_nodes) by extension 'colcon_pkg'
[0.183s] Level 1:colcon.colcon_core.package_identification:_identify(src/carla_parking_nodes) by extensions ['colcon_meta']
[0.183s] Level 1:colcon.colcon_core.package_identification:_identify(src/carla_parking_nodes) by extension 'colcon_meta'
[0.183s] Level 1:colcon.colcon_core.package_identification:_identify(src/carla_parking_nodes) by extensions ['ros']
[0.183s] Level 1:colcon.colcon_core.package_identification:_identify(src/carla_parking_nodes) by extension 'ros'
[0.184s] DEBUG:colcon.colcon_core.package_identification:Package 'src/carla_parking_nodes' with type 'ros.ament_python' and name 'carla_parking_nodes'
[0.184s] Level 1:colcon.colcon_core.package_discovery:discover_packages(recursive) using defaults
[0.185s] Level 1:colcon.colcon_core.package_discovery:discover_packages(ignore) discover
[0.185s] Level 1:colcon.colcon_core.package_discovery:discover_packages(ignore) using defaults
[0.185s] Level 1:colcon.colcon_core.package_discovery:discover_packages(path) discover
[0.185s] Level 1:colcon.colcon_core.package_discovery:discover_packages(path) using defaults
[0.207s] Level 1:colcon.colcon_core.package_discovery:discover_packages(prefix_path) check parameters
[0.207s] Level 1:colcon.colcon_core.package_discovery:discover_packages(prefix_path) discover
[0.209s] DEBUG:colcon.colcon_installed_package_information.package_discovery:Found 2 installed packages in /home/student/carla_ros2_ws/install
[0.209s] Level 1:colcon.colcon_core.package_discovery:discover_packages(prefix_path) using defaults
[0.210s] Level 5:colcon.colcon_core.verb:set package 'carla_parking_msgs' build argument 'cmake_args' from command line to 'None'
[0.211s] Level 5:colcon.colcon_core.verb:set package 'carla_parking_msgs' build argument 'cmake_target' from command line to 'None'
[0.211s] Level 5:colcon.colcon_core.verb:set package 'carla_parking_msgs' build argument 'cmake_target_skip_unavailable' from command line to 'False'
[0.211s] Level 5:colcon.colcon_core.verb:set package 'carla_parking_msgs' build argument 'cmake_clean_cache' from command line to 'False'
[0.211s] Level 5:colcon.colcon_core.verb:set package 'carla_parking_msgs' build argument 'cmake_clean_first' from command line to 'False'
[0.211s] Level 5:colcon.colcon_core.verb:set package 'carla_parking_msgs' build argument 'cmake_force_configure' from command line to 'False'
[0.211s] Level 5:colcon.colcon_core.verb:set package 'carla_parking_msgs' build argument 'ament_cmake_args' from command line to 'None'
[0.211s] Level 5:colcon.colcon_core.verb:set package 'carla_parking_msgs' build argument 'catkin_cmake_args' from command line to 'None'
[0.211s] Level 5:colcon.colcon_core.verb:set package 'carla_parking_msgs' build argument 'catkin_skip_building_tests' from command line to 'False'
[0.211s] DEBUG:colcon.colcon_core.verb:Building package 'carla_parking_msgs' with the following arguments: {'ament_cmake_args': None, 'build_base': '/home/student/carla_ros2_ws/build/carla_parking_msgs', 'catkin_cmake_args': None, 'catkin_skip_building_tests': False, 'cmake_args': None, 'cmake_clean_cache': False, 'cmake_clean_first': False, 'cmake_force_configure': False, 'cmake_target': None, 'cmake_target_skip_unavailable': False, 'install_base': '/home/student/carla_ros2_ws/install/carla_parking_msgs', 'merge_install': False, 'path': '/home/student/carla_ros2_ws/src/carla_parking_msgs', 'symlink_install': False, 'test_result_base': None}
[0.211s] Level 5:colcon.colcon_core.verb:set package 'carla_parking_nodes' build argument 'cmake_args' from command line to 'None'
[0.211s] Level 5:colcon.colcon_core.verb:set package 'carla_parking_nodes' build argument 'cmake_target' from command line to 'None'
[0.211s] Level 5:colcon.colcon_core.verb:set package 'carla_parking_nodes' build argument 'cmake_target_skip_unavailable' from command line to 'False'
[0.211s] Level 5:colcon.colcon_core.verb:set package 'carla_parking_nodes' build argument 'cmake_clean_cache' from command line to 'False'
[0.211s] Level 5:colcon.colcon_core.verb:set package 'carla_parking_nodes' build argument 'cmake_clean_first' from command line to 'False'
[0.211s] Level 5:colcon.colcon_core.verb:set package 'carla_parking_nodes' build argument 'cmake_force_configure' from command line to 'False'
[0.211s] Level 5:colcon.colcon_core.verb:set package 'carla_parking_nodes' build argument 'ament_cmake_args' from command line to 'None'
[0.211s] Level 5:colcon.colcon_core.verb:set package 'carla_parking_nodes' build argument 'catkin_cmake_args' from command line to 'None'
[0.211s] Level 5:colcon.colcon_core.verb:set package 'carla_parking_nodes' build argument 'catkin_skip_building_tests' from command line to 'False'
[0.211s] DEBUG:colcon.colcon_core.verb:Building package 'carla_parking_nodes' with the following arguments: {'ament_cmake_args': None, 'build_base': '/home/student/carla_ros2_ws/build/carla_parking_nodes', 'catkin_cmake_args': None, 'catkin_skip_building_tests': False, 'cmake_args': None, 'cmake_clean_cache': False, 'cmake_clean_first': False, 'cmake_force_configure': False, 'cmake_target': None, 'cmake_target_skip_unavailable': False, 'install_base': '/home/student/carla_ros2_ws/install/carla_parking_nodes', 'merge_install': False, 'path': '/home/student/carla_ros2_ws/src/carla_parking_nodes', 'symlink_install': False, 'test_result_base': None}
[0.212s] INFO:colcon.colcon_core.executor:Executing jobs using 'parallel' executor
[0.213s] DEBUG:colcon.colcon_parallel_executor.executor.parallel:run_until_complete
[0.213s] INFO:colcon.colcon_ros.task.ament_cmake.build:Building ROS package in '/home/student/carla_ros2_ws/src/carla_parking_msgs' with build type 'ament_cmake'
[0.213s] INFO:colcon.colcon_cmake.task.cmake.build:Building CMake package in '/home/student/carla_ros2_ws/src/carla_parking_msgs'
[0.215s] INFO:colcon.colcon_core.plugin_system:Skipping extension 'colcon_core.shell.bat': Not used on non-Windows systems
[0.215s] INFO:colcon.colcon_core.shell:Skip shell extension 'powershell' for command environment: Not usable outside of PowerShell
[0.215s] DEBUG:colcon.colcon_core.shell:Skip shell extension 'dsv' for command environment
[0.223s] DEBUG:colcon.colcon_core.event_handler.log_command:Invoking command in '/home/student/carla_ros2_ws/build/carla_parking_msgs': CMAKE_PREFIX_PATH=${CMAKE_PREFIX_PATH}:/home/student/carla_ros2_ws/install/carla_parking_nodes /usr/bin/cmake --build /home/student/carla_ros2_ws/build/carla_parking_msgs -- -j24 -l24
[0.462s] DEBUG:colcon.colcon_core.event_handler.log_command:Invoked command in '/home/student/carla_ros2_ws/build/carla_parking_msgs' returned '0': CMAKE_PREFIX_PATH=${CMAKE_PREFIX_PATH}:/home/student/carla_ros2_ws/install/carla_parking_nodes /usr/bin/cmake --build /home/student/carla_ros2_ws/build/carla_parking_msgs -- -j24 -l24
[0.470s] DEBUG:colcon.colcon_core.event_handler.log_command:Invoking command in '/home/student/carla_ros2_ws/build/carla_parking_msgs': CMAKE_PREFIX_PATH=${CMAKE_PREFIX_PATH}:/home/student/carla_ros2_ws/install/carla_parking_nodes /usr/bin/cmake --install /home/student/carla_ros2_ws/build/carla_parking_msgs
[0.524s] Level 1:colcon.colcon_core.environment:create_environment_scripts_only(carla_parking_msgs)
[0.524s] DEBUG:colcon.colcon_core.event_handler.log_command:Invoked command in '/home/student/carla_ros2_ws/build/carla_parking_msgs' returned '0': CMAKE_PREFIX_PATH=${CMAKE_PREFIX_PATH}:/home/student/carla_ros2_ws/install/carla_parking_nodes /usr/bin/cmake --install /home/student/carla_ros2_ws/build/carla_parking_msgs
[0.526s] Level 1:colcon.colcon_core.environment:checking '/home/student/carla_ros2_ws/install/carla_parking_msgs' for CMake module files
[0.526s] Level 1:colcon.colcon_core.environment:checking '/home/student/carla_ros2_ws/install/carla_parking_msgs' for CMake config files
[0.526s] Level 1:colcon.colcon_core.shell:create_environment_hook('carla_parking_msgs', 'cmake_prefix_path')
[0.526s] INFO:colcon.colcon_core.shell:Creating environment hook '/home/student/carla_ros2_ws/install/carla_parking_msgs/share/carla_parking_msgs/hook/cmake_prefix_path.ps1'
[0.527s] INFO:colcon.colcon_core.shell:Creating environment descriptor '/home/student/carla_ros2_ws/install/carla_parking_msgs/share/carla_parking_msgs/hook/cmake_prefix_path.dsv'
[0.527s] INFO:colcon.colcon_core.shell:Creating environment hook '/home/student/carla_ros2_ws/install/carla_parking_msgs/share/carla_parking_msgs/hook/cmake_prefix_path.sh'
[0.528s] Level 1:colcon.colcon_core.environment:checking '/home/student/carla_ros2_ws/install/carla_parking_msgs/lib'
[0.528s] Level 1:colcon.colcon_core.shell:create_environment_hook('carla_parking_msgs', 'ld_library_path_lib')
[0.528s] INFO:colcon.colcon_core.shell:Creating environment hook '/home/student/carla_ros2_ws/install/carla_parking_msgs/share/carla_parking_msgs/hook/ld_library_path_lib.ps1'
[0.528s] INFO:colcon.colcon_core.shell:Creating environment descriptor '/home/student/carla_ros2_ws/install/carla_parking_msgs/share/carla_parking_msgs/hook/ld_library_path_lib.dsv'
[0.528s] INFO:colcon.colcon_core.shell:Creating environment hook '/home/student/carla_ros2_ws/install/carla_parking_msgs/share/carla_parking_msgs/hook/ld_library_path_lib.sh'
[0.529s] Level 1:colcon.colcon_core.environment:checking '/home/student/carla_ros2_ws/install/carla_parking_msgs/bin'
[0.529s] Level 1:colcon.colcon_core.environment:checking '/home/student/carla_ros2_ws/install/carla_parking_msgs/lib/pkgconfig/carla_parking_msgs.pc'
[0.529s] Level 1:colcon.colcon_core.environment:checking '/home/student/carla_ros2_ws/install/carla_parking_msgs/lib/python3.10/site-packages'
[0.529s] Level 1:colcon.colcon_core.environment:checking '/home/student/carla_ros2_ws/install/carla_parking_msgs/bin'
[0.530s] INFO:colcon.colcon_core.shell:Creating package script '/home/student/carla_ros2_ws/install/carla_parking_msgs/share/carla_parking_msgs/package.ps1'
[0.530s] INFO:colcon.colcon_core.shell:Creating package descriptor '/home/student/carla_ros2_ws/install/carla_parking_msgs/share/carla_parking_msgs/package.dsv'
[0.530s] INFO:colcon.colcon_core.shell:Creating package script '/home/student/carla_ros2_ws/install/carla_parking_msgs/share/carla_parking_msgs/package.sh'
[0.531s] INFO:colcon.colcon_core.shell:Creating package script '/home/student/carla_ros2_ws/install/carla_parking_msgs/share/carla_parking_msgs/package.bash'
[0.531s] INFO:colcon.colcon_core.shell:Creating package script '/home/student/carla_ros2_ws/install/carla_parking_msgs/share/carla_parking_msgs/package.zsh'
[0.532s] Level 1:colcon.colcon_core.environment:create_file_with_runtime_dependencies(/home/student/carla_ros2_ws/install/carla_parking_msgs/share/colcon-core/packages/carla_parking_msgs)
[0.532s] Level 1:colcon.colcon_core.environment:create_environment_scripts_only(carla_parking_msgs)
[0.532s] Level 1:colcon.colcon_core.environment:checking '/home/student/carla_ros2_ws/install/carla_parking_msgs' for CMake module files
[0.533s] Level 1:colcon.colcon_core.environment:checking '/home/student/carla_ros2_ws/install/carla_parking_msgs' for CMake config files
[0.533s] Level 1:colcon.colcon_core.shell:create_environment_hook('carla_parking_msgs', 'cmake_prefix_path')
[0.533s] INFO:colcon.colcon_core.shell:Creating environment hook '/home/student/carla_ros2_ws/install/carla_parking_msgs/share/carla_parking_msgs/hook/cmake_prefix_path.ps1'
[0.533s] INFO:colcon.colcon_core.shell:Creating environment descriptor '/home/student/carla_ros2_ws/install/carla_parking_msgs/share/carla_parking_msgs/hook/cmake_prefix_path.dsv'
[0.533s] INFO:colcon.colcon_core.shell:Creating environment hook '/home/student/carla_ros2_ws/install/carla_parking_msgs/share/carla_parking_msgs/hook/cmake_prefix_path.sh'
[0.534s] Level 1:colcon.colcon_core.environment:checking '/home/student/carla_ros2_ws/install/carla_parking_msgs/lib'
[0.534s] Level 1:colcon.colcon_core.shell:create_environment_hook('carla_parking_msgs', 'ld_library_path_lib')
[0.534s] INFO:colcon.colcon_core.shell:Creating environment hook '/home/student/carla_ros2_ws/install/carla_parking_msgs/share/carla_parking_msgs/hook/ld_library_path_lib.ps1'
[0.534s] INFO:colcon.colcon_core.shell:Creating environment descriptor '/home/student/carla_ros2_ws/install/carla_parking_msgs/share/carla_parking_msgs/hook/ld_library_path_lib.dsv'
[0.534s] INFO:colcon.colcon_core.shell:Creating environment hook '/home/student/carla_ros2_ws/install/carla_parking_msgs/share/carla_parking_msgs/hook/ld_library_path_lib.sh'
[0.534s] Level 1:colcon.colcon_core.environment:checking '/home/student/carla_ros2_ws/install/carla_parking_msgs/bin'
[0.534s] Level 1:colcon.colcon_core.environment:checking '/home/student/carla_ros2_ws/install/carla_parking_msgs/lib/pkgconfig/carla_parking_msgs.pc'
[0.535s] Level 1:colcon.colcon_core.environment:checking '/home/student/carla_ros2_ws/install/carla_parking_msgs/lib/python3.10/site-packages'
[0.535s] Level 1:colcon.colcon_core.environment:checking '/home/student/carla_ros2_ws/install/carla_parking_msgs/bin'
[0.535s] INFO:colcon.colcon_core.shell:Creating package script '/home/student/carla_ros2_ws/install/carla_parking_msgs/share/carla_parking_msgs/package.ps1'
[0.535s] INFO:colcon.colcon_core.shell:Creating package descriptor '/home/student/carla_ros2_ws/install/carla_parking_msgs/share/carla_parking_msgs/package.dsv'
[0.536s] INFO:colcon.colcon_core.shell:Creating package script '/home/student/carla_ros2_ws/install/carla_parking_msgs/share/carla_parking_msgs/package.sh'
[0.536s] INFO:colcon.colcon_core.shell:Creating package script '/home/student/carla_ros2_ws/install/carla_parking_msgs/share/carla_parking_msgs/package.bash'
[0.536s] INFO:colcon.colcon_core.shell:Creating package script '/home/student/carla_ros2_ws/install/carla_parking_msgs/share/carla_parking_msgs/package.zsh'
[0.536s] Level 1:colcon.colcon_core.environment:create_file_with_runtime_dependencies(/home/student/carla_ros2_ws/install/carla_parking_msgs/share/colcon-core/packages/carla_parking_msgs)
[0.537s] INFO:colcon.colcon_ros.task.ament_python.build:Building ROS package in '/home/student/carla_ros2_ws/src/carla_parking_nodes' with build type 'ament_python'
[0.537s] Level 1:colcon.colcon_core.shell:create_environment_hook('carla_parking_nodes', 'ament_prefix_path')
[0.537s] INFO:colcon.colcon_core.shell:Creating environment hook '/home/student/carla_ros2_ws/install/carla_parking_nodes/share/carla_parking_nodes/hook/ament_prefix_path.ps1'
[0.537s] INFO:colcon.colcon_core.shell:Creating environment descriptor '/home/student/carla_ros2_ws/install/carla_parking_nodes/share/carla_parking_nodes/hook/ament_prefix_path.dsv'
[0.537s] INFO:colcon.colcon_core.shell:Creating environment hook '/home/student/carla_ros2_ws/install/carla_parking_nodes/share/carla_parking_nodes/hook/ament_prefix_path.sh'
[0.538s] INFO:colcon.colcon_core.shell:Skip shell extension 'powershell' for command environment: Not usable outside of PowerShell
[0.538s] DEBUG:colcon.colcon_core.shell:Skip shell extension 'dsv' for command environment
[0.740s] INFO:colcon.colcon_core.task.python.build:Building Python package in '/home/student/carla_ros2_ws/src/carla_parking_nodes'
[0.740s] INFO:colcon.colcon_core.shell:Skip shell extension 'powershell' for command environment: Not usable outside of PowerShell
[0.740s] DEBUG:colcon.colcon_core.shell:Skip shell extension 'dsv' for command environment
[1.153s] DEBUG:colcon.colcon_core.event_handler.log_command:Invoking command in '/home/student/carla_ros2_ws/src/carla_parking_nodes': PYTHONPATH=/home/student/carla_ros2_ws/build/carla_parking_nodes/prefix_override:/usr/lib/python3/dist-packages/colcon_core/task/python/colcon_distutils_commands:/home/student/carla_ros2_ws/install/carla_parking_nodes/lib/python3.10/site-packages:${PYTHONPATH} /usr/bin/python3 -W ignore:setup.py install is deprecated -W ignore:easy_install command is deprecated setup.py egg_info --egg-base ../../build/carla_parking_nodes build --build-base /home/student/carla_ros2_ws/build/carla_parking_nodes/build install --record /home/student/carla_ros2_ws/build/carla_parking_nodes/install.log --single-version-externally-managed install_data
[1.499s] Level 1:colcon.colcon_core.environment:checking '/home/student/carla_ros2_ws/install/carla_parking_nodes' for CMake module files
[1.500s] DEBUG:colcon.colcon_core.event_handler.log_command:Invoked command in '/home/student/carla_ros2_ws/src/carla_parking_nodes' returned '0': PYTHONPATH=/home/student/carla_ros2_ws/build/carla_parking_nodes/prefix_override:/usr/lib/python3/dist-packages/colcon_core/task/python/colcon_distutils_commands:/home/student/carla_ros2_ws/install/carla_parking_nodes/lib/python3.10/site-packages:${PYTHONPATH} /usr/bin/python3 -W ignore:setup.py install is deprecated -W ignore:easy_install command is deprecated setup.py egg_info --egg-base ../../build/carla_parking_nodes build --build-base /home/student/carla_ros2_ws/build/carla_parking_nodes/build install --record /home/student/carla_ros2_ws/build/carla_parking_nodes/install.log --single-version-externally-managed install_data
[1.500s] Level 1:colcon.colcon_core.environment:checking '/home/student/carla_ros2_ws/install/carla_parking_nodes' for CMake config files
[1.501s] Level 1:colcon.colcon_core.environment:checking '/home/student/carla_ros2_ws/install/carla_parking_nodes/lib'
[1.501s] Level 1:colcon.colcon_core.environment:checking '/home/student/carla_ros2_ws/install/carla_parking_nodes/bin'
[1.501s] Level 1:colcon.colcon_core.environment:checking '/home/student/carla_ros2_ws/install/carla_parking_nodes/lib/pkgconfig/carla_parking_nodes.pc'
[1.501s] Level 1:colcon.colcon_core.environment:checking '/home/student/carla_ros2_ws/install/carla_parking_nodes/lib/python3.10/site-packages'
[1.501s] Level 1:colcon.colcon_core.shell:create_environment_hook('carla_parking_nodes', 'pythonpath')
[1.501s] INFO:colcon.colcon_core.shell:Creating environment hook '/home/student/carla_ros2_ws/install/carla_parking_nodes/share/carla_parking_nodes/hook/pythonpath.ps1'
[1.502s] INFO:colcon.colcon_core.shell:Creating environment descriptor '/home/student/carla_ros2_ws/install/carla_parking_nodes/share/carla_parking_nodes/hook/pythonpath.dsv'
[1.502s] INFO:colcon.colcon_core.shell:Creating environment hook '/home/student/carla_ros2_ws/install/carla_parking_nodes/share/carla_parking_nodes/hook/pythonpath.sh'
[1.503s] Level 1:colcon.colcon_core.environment:checking '/home/student/carla_ros2_ws/install/carla_parking_nodes/bin'
[1.503s] Level 1:colcon.colcon_core.environment:create_environment_scripts_only(carla_parking_nodes)
[1.503s] INFO:colcon.colcon_core.shell:Creating package script '/home/student/carla_ros2_ws/install/carla_parking_nodes/share/carla_parking_nodes/package.ps1'
[1.504s] INFO:colcon.colcon_core.shell:Creating package descriptor '/home/student/carla_ros2_ws/install/carla_parking_nodes/share/carla_parking_nodes/package.dsv'
[1.504s] INFO:colcon.colcon_core.shell:Creating package script '/home/student/carla_ros2_ws/install/carla_parking_nodes/share/carla_parking_nodes/package.sh'
[1.505s] INFO:colcon.colcon_core.shell:Creating package script '/home/student/carla_ros2_ws/install/carla_parking_nodes/share/carla_parking_nodes/package.bash'
[1.505s] INFO:colcon.colcon_core.shell:Creating package script '/home/student/carla_ros2_ws/install/carla_parking_nodes/share/carla_parking_nodes/package.zsh'
[1.506s] Level 1:colcon.colcon_core.environment:create_file_with_runtime_dependencies(/home/student/carla_ros2_ws/install/carla_parking_nodes/share/colcon-core/packages/carla_parking_nodes)
[1.506s] DEBUG:colcon.colcon_parallel_executor.executor.parallel:closing loop
[1.506s] DEBUG:colcon.colcon_parallel_executor.executor.parallel:loop closed
[1.506s] DEBUG:colcon.colcon_parallel_executor.executor.parallel:run_until_complete finished with '0'
[1.506s] DEBUG:colcon.colcon_core.event_reactor:joining thread
[1.509s] INFO:colcon.colcon_core.plugin_system:Skipping extension 'colcon_notification.desktop_notification.terminal_notifier': Not used on non-Darwin systems
[1.510s] INFO:colcon.colcon_core.plugin_system:Skipping extension 'colcon_notification.desktop_notification.win32': Not used on non-Windows systems
[1.510s] INFO:colcon.colcon_notification.desktop_notification:Sending desktop notification using 'notify2'
[1.523s] DEBUG:colcon.colcon_core.event_reactor:joined thread
[1.523s] INFO:colcon.colcon_core.shell:Creating prefix script '/home/student/carla_ros2_ws/install/local_setup.ps1'
[1.525s] INFO:colcon.colcon_core.shell:Creating prefix util module '/home/student/carla_ros2_ws/install/_local_setup_util_ps1.py'
[1.526s] INFO:colcon.colcon_core.shell:Creating prefix chain script '/home/student/carla_ros2_ws/install/setup.ps1'
[1.527s] INFO:colcon.colcon_core.shell:Creating prefix script '/home/student/carla_ros2_ws/install/local_setup.sh'
[1.528s] INFO:colcon.colcon_core.shell:Creating prefix util module '/home/student/carla_ros2_ws/install/_local_setup_util_sh.py'
[1.528s] INFO:colcon.colcon_core.shell:Creating prefix chain script '/home/student/carla_ros2_ws/install/setup.sh'
[1.529s] INFO:colcon.colcon_core.shell:Creating prefix script '/home/student/carla_ros2_ws/install/local_setup.bash'
[1.530s] INFO:colcon.colcon_core.shell:Creating prefix chain script '/home/student/carla_ros2_ws/install/setup.bash'
[1.530s] INFO:colcon.colcon_core.shell:Creating prefix script '/home/student/carla_ros2_ws/install/local_setup.zsh'
[1.531s] INFO:colcon.colcon_core.shell:Creating prefix chain script '/home/student/carla_ros2_ws/install/setup.zsh'
