[0.672s] Invoking command in '/home/student/carla_ros2_ws/src/carla_parking_nodes': PYTHONPATH=/home/student/carla_ros2_ws/build/carla_parking_nodes/prefix_override:/usr/lib/python3/dist-packages/colcon_core/task/python/colcon_distutils_commands:/home/student/carla_ros2_ws/install/carla_parking_nodes/lib/python3.10/site-packages:${PYTHONPATH} /usr/bin/python3 -W ignore:setup.py install is deprecated -W ignore:easy_install command is deprecated setup.py egg_info --egg-base ../../build/carla_parking_nodes build --build-base /home/student/carla_ros2_ws/build/carla_parking_nodes/build install --record /home/student/carla_ros2_ws/build/carla_parking_nodes/install.log --single-version-externally-managed install_data
[0.899s] running egg_info
[0.900s] creating ../../build/carla_parking_nodes/carla_parking_nodes.egg-info
[0.900s] writing ../../build/carla_parking_nodes/carla_parking_nodes.egg-info/PKG-INFO
[0.900s] writing dependency_links to ../../build/carla_parking_nodes/carla_parking_nodes.egg-info/dependency_links.txt
[0.900s] writing entry points to ../../build/carla_parking_nodes/carla_parking_nodes.egg-info/entry_points.txt
[0.900s] writing requirements to ../../build/carla_parking_nodes/carla_parking_nodes.egg-info/requires.txt
[0.900s] writing top-level names to ../../build/carla_parking_nodes/carla_parking_nodes.egg-info/top_level.txt
[0.900s] writing manifest file '../../build/carla_parking_nodes/carla_parking_nodes.egg-info/SOURCES.txt'
[0.902s] reading manifest file '../../build/carla_parking_nodes/carla_parking_nodes.egg-info/SOURCES.txt'
[0.903s] writing manifest file '../../build/carla_parking_nodes/carla_parking_nodes.egg-info/SOURCES.txt'
[0.903s] running build
[0.903s] running build_py
[0.903s] creating /home/student/carla_ros2_ws/build/carla_parking_nodes/build
[0.903s] creating /home/student/carla_ros2_ws/build/carla_parking_nodes/build/lib
[0.903s] creating /home/student/carla_ros2_ws/build/carla_parking_nodes/build/lib/carla_parking_nodes
[0.903s] copying carla_parking_nodes/__init__.py -> /home/student/carla_ros2_ws/build/carla_parking_nodes/build/lib/carla_parking_nodes
[0.903s] running install
[0.903s] running install_lib
[0.904s] creating /home/student/carla_ros2_ws/install/carla_parking_nodes/lib/python3.10/site-packages/carla_parking_nodes
[0.904s] copying /home/student/carla_ros2_ws/build/carla_parking_nodes/build/lib/carla_parking_nodes/__init__.py -> /home/student/carla_ros2_ws/install/carla_parking_nodes/lib/python3.10/site-packages/carla_parking_nodes
[0.904s] byte-compiling /home/student/carla_ros2_ws/install/carla_parking_nodes/lib/python3.10/site-packages/carla_parking_nodes/__init__.py to __init__.cpython-310.pyc
[0.904s] running install_data
[0.904s] creating /home/student/carla_ros2_ws/install/carla_parking_nodes/share/ament_index
[0.905s] creating /home/student/carla_ros2_ws/install/carla_parking_nodes/share/ament_index/resource_index
[0.905s] creating /home/student/carla_ros2_ws/install/carla_parking_nodes/share/ament_index/resource_index/packages
[0.905s] copying resource/carla_parking_nodes -> /home/student/carla_ros2_ws/install/carla_parking_nodes/share/ament_index/resource_index/packages
[0.905s] copying package.xml -> /home/student/carla_ros2_ws/install/carla_parking_nodes/share/carla_parking_nodes
[0.905s] running install_egg_info
[0.906s] Copying ../../build/carla_parking_nodes/carla_parking_nodes.egg-info to /home/student/carla_ros2_ws/install/carla_parking_nodes/lib/python3.10/site-packages/carla_parking_nodes-0.0.0-py3.10.egg-info
[0.907s] running install_scripts
[0.925s] writing list of installed files to '/home/student/carla_ros2_ws/build/carla_parking_nodes/install.log'
[0.945s] Invoked command in '/home/student/carla_ros2_ws/src/carla_parking_nodes' returned '0': PYTHONPATH=/home/student/carla_ros2_ws/build/carla_parking_nodes/prefix_override:/usr/lib/python3/dist-packages/colcon_core/task/python/colcon_distutils_commands:/home/student/carla_ros2_ws/install/carla_parking_nodes/lib/python3.10/site-packages:${PYTHONPATH} /usr/bin/python3 -W ignore:setup.py install is deprecated -W ignore:easy_install command is deprecated setup.py egg_info --egg-base ../../build/carla_parking_nodes build --build-base /home/student/carla_ros2_ws/build/carla_parking_nodes/build install --record /home/student/carla_ros2_ws/build/carla_parking_nodes/install.log --single-version-externally-managed install_data
