/home/student/carla_ros2_ws/install/carla_parking_nodes/lib/python3.10/site-packages/carla_parking_nodes/parking_map_node.py
/home/student/carla_ros2_ws/install/carla_parking_nodes/lib/python3.10/site-packages/carla_parking_nodes/carla_interface_node.py
/home/student/carla_ros2_ws/install/carla_parking_nodes/lib/python3.10/site-packages/carla_parking_nodes/keyboard_control_node.py
/home/student/carla_ros2_ws/install/carla_parking_nodes/lib/python3.10/site-packages/carla_parking_nodes/data_logger_node.py
/home/student/carla_ros2_ws/install/carla_parking_nodes/lib/python3.10/site-packages/carla_parking_nodes/parking_slots.py
/home/student/carla_ros2_ws/install/carla_parking_nodes/lib/python3.10/site-packages/carla_parking_nodes/sensor_viewer_node.py
/home/student/carla_ros2_ws/install/carla_parking_nodes/lib/python3.10/site-packages/carla_parking_nodes/__init__.py
/home/student/carla_ros2_ws/install/carla_parking_nodes/lib/python3.10/site-packages/carla_parking_nodes/spawn_vehicle_nodeX.py
/home/student/carla_ros2_ws/install/carla_parking_nodes/lib/python3.10/site-packages/carla_parking_nodes/__pycache__/parking_map_node.cpython-310.pyc
/home/student/carla_ros2_ws/install/carla_parking_nodes/lib/python3.10/site-packages/carla_parking_nodes/__pycache__/carla_interface_node.cpython-310.pyc
/home/student/carla_ros2_ws/install/carla_parking_nodes/lib/python3.10/site-packages/carla_parking_nodes/__pycache__/keyboard_control_node.cpython-310.pyc
/home/student/carla_ros2_ws/install/carla_parking_nodes/lib/python3.10/site-packages/carla_parking_nodes/__pycache__/data_logger_node.cpython-310.pyc
/home/student/carla_ros2_ws/install/carla_parking_nodes/lib/python3.10/site-packages/carla_parking_nodes/__pycache__/parking_slots.cpython-310.pyc
/home/student/carla_ros2_ws/install/carla_parking_nodes/lib/python3.10/site-packages/carla_parking_nodes/__pycache__/sensor_viewer_node.cpython-310.pyc
/home/student/carla_ros2_ws/install/carla_parking_nodes/lib/python3.10/site-packages/carla_parking_nodes/__pycache__/__init__.cpython-310.pyc
/home/student/carla_ros2_ws/install/carla_parking_nodes/lib/python3.10/site-packages/carla_parking_nodes/__pycache__/spawn_vehicle_nodeX.cpython-310.pyc
/home/student/carla_ros2_ws/install/carla_parking_nodes/share/ament_index/resource_index/packages/carla_parking_nodes
/home/student/carla_ros2_ws/install/carla_parking_nodes/share/carla_parking_nodes/package.xml
/home/student/carla_ros2_ws/install/carla_parking_nodes/lib/python3.10/site-packages/carla_parking_nodes-0.0.0-py3.10.egg-info/dependency_links.txt
/home/student/carla_ros2_ws/install/carla_parking_nodes/lib/python3.10/site-packages/carla_parking_nodes-0.0.0-py3.10.egg-info/zip-safe
/home/student/carla_ros2_ws/install/carla_parking_nodes/lib/python3.10/site-packages/carla_parking_nodes-0.0.0-py3.10.egg-info/entry_points.txt
/home/student/carla_ros2_ws/install/carla_parking_nodes/lib/python3.10/site-packages/carla_parking_nodes-0.0.0-py3.10.egg-info/PKG-INFO
/home/student/carla_ros2_ws/install/carla_parking_nodes/lib/python3.10/site-packages/carla_parking_nodes-0.0.0-py3.10.egg-info/top_level.txt
/home/student/carla_ros2_ws/install/carla_parking_nodes/lib/python3.10/site-packages/carla_parking_nodes-0.0.0-py3.10.egg-info/requires.txt
/home/student/carla_ros2_ws/install/carla_parking_nodes/lib/python3.10/site-packages/carla_parking_nodes-0.0.0-py3.10.egg-info/SOURCES.txt
/home/student/carla_ros2_ws/install/carla_parking_nodes/lib/carla_parking_nodes/carla_interface_node
/home/student/carla_ros2_ws/install/carla_parking_nodes/lib/carla_parking_nodes/keyboard_control_node
/home/student/carla_ros2_ws/install/carla_parking_nodes/lib/carla_parking_nodes/parking_map_node
/home/student/carla_ros2_ws/install/carla_parking_nodes/lib/carla_parking_nodes/sensor_viewer_node
