[0.018s] Invoking command in '/home/student/carla_ros2_ws/build/carla_parking_msgs': CMAKE_PREFIX_PATH=/opt/ros/humble:/home/student/carla_ros2_ws/install/carla_parking_nodes /usr/bin/cmake /home/student/carla_ros2_ws/src/carla_parking_msgs -DCMAKE_INSTALL_PREFIX=/home/student/carla_ros2_ws/install/carla_parking_msgs
[0.106s] -- The C compiler identification is GNU 11.4.0
[0.188s] -- The CXX compiler identification is GNU 7.5.0
[0.195s] -- Detecting C compiler ABI info
[0.253s] -- Detecting C compiler ABI info - done
[0.260s] -- Check for working C compiler: /usr/bin/cc - skipped
[0.261s] -- Detecting C compile features
[0.261s] -- Detecting C compile features - done
[0.265s] -- Detecting CXX compiler ABI info
[0.340s] -- Detecting CXX compiler ABI info - done
[0.348s] -- Check for working CXX compiler: /usr/bin/c++ - skipped
[0.348s] -- Detecting CXX compile features
[0.349s] -- Detecting CXX compile features - done
[0.355s] -- Found ament_cmake: 1.3.13 (/opt/ros/humble/share/ament_cmake/cmake)
[0.756s] -- Found Python3: /usr/bin/python3 (found version "3.10.12") found components: Interpreter 
[0.872s] -- Found rosidl_default_generators: 1.2.0 (/opt/ros/humble/share/rosidl_default_generators/cmake)
[0.876s] -- Using all available rosidl_typesupport_c: rosidl_typesupport_fastrtps_c;rosidl_typesupport_introspection_c
[0.885s] -- Found rosidl_adapter: 3.1.8 (/opt/ros/humble/share/rosidl_adapter/cmake)
[0.941s] -- Using all available rosidl_typesupport_cpp: rosidl_typesupport_fastrtps_cpp;rosidl_typesupport_introspection_cpp
[1.254s] -- Found ament_cmake_ros: 0.10.0 (/opt/ros/humble/share/ament_cmake_ros/cmake)
[1.458s] -- Using all available rosidl_typesupport_c: rosidl_typesupport_fastrtps_c;rosidl_typesupport_introspection_c
[1.719s] -- Using all available rosidl_typesupport_cpp: rosidl_typesupport_fastrtps_cpp;rosidl_typesupport_introspection_cpp
[1.743s] -- Found PythonInterp: /usr/bin/python3 (found suitable version "3.10.12", minimum required is "3.6") 
[1.744s] -- Found python_cmake_module: 0.10.0 (/opt/ros/humble/share/python_cmake_module/cmake)
[1.773s] -- Found PythonLibs: /usr/lib/x86_64-linux-gnu/libpython3.10.so (found suitable version "3.10.12", minimum required is "3.5") 
[1.773s] -- Using PYTHON_EXECUTABLE: /usr/bin/python3
[1.773s] -- Using PYTHON_INCLUDE_DIRS: /usr/include/python3.10
[1.773s] -- Using PYTHON_LIBRARIES: /usr/lib/x86_64-linux-gnu/libpython3.10.so
[1.795s] -- Found PythonExtra: .so  
[1.829s] -- Found ament_lint_auto: 0.12.15 (/opt/ros/humble/share/ament_lint_auto/cmake)
[1.853s] -- Added test 'lint_cmake' to check CMake code style
[1.854s] -- Added test 'xmllint' to check XML markup files
[1.857s] -- Configuring done
[1.883s] -- Generating done
[1.892s] -- Build files have been written to: /home/student/carla_ros2_ws/build/carla_parking_msgs
[1.898s] Invoked command in '/home/student/carla_ros2_ws/build/carla_parking_msgs' returned '0': CMAKE_PREFIX_PATH=/opt/ros/humble:/home/student/carla_ros2_ws/install/carla_parking_nodes /usr/bin/cmake /home/student/carla_ros2_ws/src/carla_parking_msgs -DCMAKE_INSTALL_PREFIX=/home/student/carla_ros2_ws/install/carla_parking_msgs
[1.900s] Invoking command in '/home/student/carla_ros2_ws/build/carla_parking_msgs': CMAKE_PREFIX_PATH=/opt/ros/humble:/home/student/carla_ros2_ws/install/carla_parking_nodes /usr/bin/cmake --build /home/student/carla_ros2_ws/build/carla_parking_msgs -- -j24 -l24
[1.936s] [  3%] [34m[1mGenerating C code for ROS interfaces[0m
[1.944s] [  6%] [34m[1mGenerating C++ code for ROS interfaces[0m
[1.952s] [  6%] Built target ament_cmake_python_copy_carla_parking_msgs
[2.104s] running egg_info
[2.113s] creating carla_parking_msgs.egg-info
[2.113s] writing carla_parking_msgs.egg-info/PKG-INFO
[2.113s] writing dependency_links to carla_parking_msgs.egg-info/dependency_links.txt
[2.113s] writing top-level names to carla_parking_msgs.egg-info/top_level.txt
[2.114s] writing manifest file 'carla_parking_msgs.egg-info/SOURCES.txt'
[2.142s] reading manifest file 'carla_parking_msgs.egg-info/SOURCES.txt'
[2.142s] writing manifest file 'carla_parking_msgs.egg-info/SOURCES.txt'
[2.162s] [  6%] Built target ament_cmake_python_build_carla_parking_msgs_egg
[2.203s] [  6%] Built target carla_parking_msgs__cpp
[2.207s] [  9%] [32mBuilding C object CMakeFiles/carla_parking_msgs__rosidl_generator_c.dir/rosidl_generator_c/carla_parking_msgs/msg/detail/vehicle_control__functions.c.o[0m
[2.213s] [ 16%] [34m[1mGenerating C++ type support for eProsima Fast-RTPS[0m
[2.213s] [ 16%] [34m[1mGenerating C++ type support dispatch for ROS interfaces[0m
[2.213s] [ 19%] [34m[1mGenerating C++ introspection for ROS interfaces[0m
[2.256s] [ 22%] [32m[1mLinking C shared library libcarla_parking_msgs__rosidl_generator_c.so[0m
[2.294s] [ 22%] Built target carla_parking_msgs__rosidl_generator_c
[2.302s] [ 25%] [34m[1mGenerating C type support dispatch for ROS interfaces[0m
[2.304s] [ 32%] [34m[1mGenerating C introspection for ROS interfaces[0m
[2.304s] [ 32%] [34m[1mGenerating C type support for eProsima Fast-RTPS[0m
[2.377s] [ 35%] [32mBuilding CXX object CMakeFiles/carla_parking_msgs__rosidl_typesupport_cpp.dir/rosidl_typesupport_cpp/carla_parking_msgs/msg/vehicle_control__type_support.cpp.o[0m
[2.409s] [ 38%] [32mBuilding CXX object CMakeFiles/carla_parking_msgs__rosidl_typesupport_fastrtps_cpp.dir/rosidl_typesupport_fastrtps_cpp/carla_parking_msgs/msg/detail/dds_fastrtps/vehicle_control__type_support.cpp.o[0m
[2.430s] [ 41%] [32mBuilding CXX object CMakeFiles/carla_parking_msgs__rosidl_typesupport_introspection_cpp.dir/rosidl_typesupport_introspection_cpp/carla_parking_msgs/msg/detail/vehicle_control__type_support.cpp.o[0m
[2.477s] [ 45%] [32mBuilding CXX object CMakeFiles/carla_parking_msgs__rosidl_typesupport_c.dir/rosidl_typesupport_c/carla_parking_msgs/msg/vehicle_control__type_support.cpp.o[0m
[2.507s] [ 48%] [32m[1mLinking CXX shared library libcarla_parking_msgs__rosidl_typesupport_c.so[0m
[2.521s] [ 51%] [32mBuilding CXX object CMakeFiles/carla_parking_msgs__rosidl_typesupport_fastrtps_c.dir/rosidl_typesupport_fastrtps_c/carla_parking_msgs/msg/detail/vehicle_control__type_support_c.cpp.o[0m
[2.536s] [ 54%] [32mBuilding C object CMakeFiles/carla_parking_msgs__rosidl_typesupport_introspection_c.dir/rosidl_typesupport_introspection_c/carla_parking_msgs/msg/detail/vehicle_control__type_support.c.o[0m
[2.552s] [ 54%] Built target carla_parking_msgs__rosidl_typesupport_c
[2.562s] [ 58%] [32m[1mLinking C shared library libcarla_parking_msgs__rosidl_typesupport_introspection_c.so[0m
[2.575s] [ 61%] [32m[1mLinking CXX shared library libcarla_parking_msgs__rosidl_typesupport_cpp.so[0m
[2.594s] [ 61%] Built target carla_parking_msgs__rosidl_typesupport_introspection_c
[2.615s] [ 61%] Built target carla_parking_msgs__rosidl_typesupport_cpp
[2.655s] [ 64%] [32m[1mLinking CXX shared library libcarla_parking_msgs__rosidl_typesupport_introspection_cpp.so[0m
[2.665s] [ 67%] [32m[1mLinking CXX shared library libcarla_parking_msgs__rosidl_typesupport_fastrtps_cpp.so[0m
[2.695s] [ 67%] Built target carla_parking_msgs__rosidl_typesupport_introspection_cpp
[2.717s] [ 70%] [32m[1mLinking CXX shared library libcarla_parking_msgs__rosidl_typesupport_fastrtps_c.so[0m
[2.731s] [ 70%] Built target carla_parking_msgs__rosidl_typesupport_fastrtps_cpp
[2.793s] [ 70%] Built target carla_parking_msgs__rosidl_typesupport_fastrtps_c
[2.809s] [ 70%] Built target carla_parking_msgs
[2.825s] [ 74%] [34m[1mGenerating Python code for ROS interfaces[0m
[3.116s] [ 74%] Built target carla_parking_msgs__py
[3.133s] [ 77%] [32mBuilding C object CMakeFiles/carla_parking_msgs__rosidl_generator_py.dir/rosidl_generator_py/carla_parking_msgs/msg/_vehicle_control_s.c.o[0m
[3.238s] [ 80%] [32m[1mLinking C shared library rosidl_generator_py/carla_parking_msgs/libcarla_parking_msgs__rosidl_generator_py.so[0m
[3.276s] [ 80%] Built target carla_parking_msgs__rosidl_generator_py
[3.294s] [ 90%] [32mBuilding C object CMakeFiles/carla_parking_msgs__rosidl_typesupport_fastrtps_c__pyext.dir/rosidl_generator_py/carla_parking_msgs/_carla_parking_msgs_s.ep.rosidl_typesupport_fastrtps_c.c.o[0m
[3.294s] [ 90%] [32mBuilding C object CMakeFiles/carla_parking_msgs__rosidl_typesupport_introspection_c__pyext.dir/rosidl_generator_py/carla_parking_msgs/_carla_parking_msgs_s.ep.rosidl_typesupport_introspection_c.c.o[0m
[3.294s] [ 90%] [32mBuilding C object CMakeFiles/carla_parking_msgs__rosidl_typesupport_c__pyext.dir/rosidl_generator_py/carla_parking_msgs/_carla_parking_msgs_s.ep.rosidl_typesupport_c.c.o[0m
[3.357s] [ 93%] [32m[1mLinking C shared library rosidl_generator_py/carla_parking_msgs/carla_parking_msgs_s__rosidl_typesupport_c.cpython-310-x86_64-linux-gnu.so[0m
[3.362s] [ 96%] [32m[1mLinking C shared library rosidl_generator_py/carla_parking_msgs/carla_parking_msgs_s__rosidl_typesupport_fastrtps_c.cpython-310-x86_64-linux-gnu.so[0m
[3.364s] [100%] [32m[1mLinking C shared library rosidl_generator_py/carla_parking_msgs/carla_parking_msgs_s__rosidl_typesupport_introspection_c.cpython-310-x86_64-linux-gnu.so[0m
[3.389s] [100%] Built target carla_parking_msgs__rosidl_typesupport_c__pyext
[3.395s] [100%] Built target carla_parking_msgs__rosidl_typesupport_fastrtps_c__pyext
[3.395s] [100%] Built target carla_parking_msgs__rosidl_typesupport_introspection_c__pyext
[3.406s] Invoked command in '/home/student/carla_ros2_ws/build/carla_parking_msgs' returned '0': CMAKE_PREFIX_PATH=/opt/ros/humble:/home/student/carla_ros2_ws/install/carla_parking_nodes /usr/bin/cmake --build /home/student/carla_ros2_ws/build/carla_parking_msgs -- -j24 -l24
[3.415s] Invoking command in '/home/student/carla_ros2_ws/build/carla_parking_msgs': CMAKE_PREFIX_PATH=/opt/ros/humble:/home/student/carla_ros2_ws/install/carla_parking_nodes /usr/bin/cmake --install /home/student/carla_ros2_ws/build/carla_parking_msgs
[3.424s] -- Install configuration: ""
[3.424s] -- Installing: /home/student/carla_ros2_ws/install/carla_parking_msgs/share/ament_index/resource_index/rosidl_interfaces/carla_parking_msgs
[3.424s] -- Installing: /home/student/carla_ros2_ws/install/carla_parking_msgs/include/carla_parking_msgs/carla_parking_msgs
[3.424s] -- Installing: /home/student/carla_ros2_ws/install/carla_parking_msgs/include/carla_parking_msgs/carla_parking_msgs/msg
[3.424s] -- Installing: /home/student/carla_ros2_ws/install/carla_parking_msgs/include/carla_parking_msgs/carla_parking_msgs/msg/vehicle_control.h
[3.424s] -- Installing: /home/student/carla_ros2_ws/install/carla_parking_msgs/include/carla_parking_msgs/carla_parking_msgs/msg/rosidl_generator_c__visibility_control.h
[3.424s] -- Installing: /home/student/carla_ros2_ws/install/carla_parking_msgs/include/carla_parking_msgs/carla_parking_msgs/msg/detail
[3.424s] -- Installing: /home/student/carla_ros2_ws/install/carla_parking_msgs/include/carla_parking_msgs/carla_parking_msgs/msg/detail/vehicle_control__functions.c
[3.424s] -- Installing: /home/student/carla_ros2_ws/install/carla_parking_msgs/include/carla_parking_msgs/carla_parking_msgs/msg/detail/vehicle_control__struct.h
[3.424s] -- Installing: /home/student/carla_ros2_ws/install/carla_parking_msgs/include/carla_parking_msgs/carla_parking_msgs/msg/detail/vehicle_control__functions.h
[3.425s] -- Installing: /home/student/carla_ros2_ws/install/carla_parking_msgs/include/carla_parking_msgs/carla_parking_msgs/msg/detail/vehicle_control__type_support.h
[3.425s] -- Installing: /home/student/carla_ros2_ws/install/carla_parking_msgs/share/carla_parking_msgs/environment/library_path.sh
[3.425s] -- Installing: /home/student/carla_ros2_ws/install/carla_parking_msgs/share/carla_parking_msgs/environment/library_path.dsv
[3.425s] -- Installing: /home/student/carla_ros2_ws/install/carla_parking_msgs/lib/libcarla_parking_msgs__rosidl_generator_c.so
[3.426s] -- Set runtime path of "/home/student/carla_ros2_ws/install/carla_parking_msgs/lib/libcarla_parking_msgs__rosidl_generator_c.so" to ""
[3.426s] -- Up-to-date: /home/student/carla_ros2_ws/install/carla_parking_msgs/include/carla_parking_msgs/carla_parking_msgs
[3.426s] -- Up-to-date: /home/student/carla_ros2_ws/install/carla_parking_msgs/include/carla_parking_msgs/carla_parking_msgs/msg
[3.426s] -- Installing: /home/student/carla_ros2_ws/install/carla_parking_msgs/include/carla_parking_msgs/carla_parking_msgs/msg/rosidl_typesupport_fastrtps_c__visibility_control.h
[3.426s] -- Up-to-date: /home/student/carla_ros2_ws/install/carla_parking_msgs/include/carla_parking_msgs/carla_parking_msgs/msg/detail
[3.426s] -- Installing: /home/student/carla_ros2_ws/install/carla_parking_msgs/include/carla_parking_msgs/carla_parking_msgs/msg/detail/vehicle_control__rosidl_typesupport_fastrtps_c.h
[3.426s] -- Installing: /home/student/carla_ros2_ws/install/carla_parking_msgs/lib/libcarla_parking_msgs__rosidl_typesupport_fastrtps_c.so
[3.426s] -- Set runtime path of "/home/student/carla_ros2_ws/install/carla_parking_msgs/lib/libcarla_parking_msgs__rosidl_typesupport_fastrtps_c.so" to ""
[3.426s] -- Up-to-date: /home/student/carla_ros2_ws/install/carla_parking_msgs/include/carla_parking_msgs/carla_parking_msgs
[3.426s] -- Up-to-date: /home/student/carla_ros2_ws/install/carla_parking_msgs/include/carla_parking_msgs/carla_parking_msgs/msg
[3.426s] -- Installing: /home/student/carla_ros2_ws/install/carla_parking_msgs/include/carla_parking_msgs/carla_parking_msgs/msg/rosidl_typesupport_introspection_c__visibility_control.h
[3.426s] -- Up-to-date: /home/student/carla_ros2_ws/install/carla_parking_msgs/include/carla_parking_msgs/carla_parking_msgs/msg/detail
[3.427s] -- Installing: /home/student/carla_ros2_ws/install/carla_parking_msgs/include/carla_parking_msgs/carla_parking_msgs/msg/detail/vehicle_control__rosidl_typesupport_introspection_c.h
[3.427s] -- Installing: /home/student/carla_ros2_ws/install/carla_parking_msgs/include/carla_parking_msgs/carla_parking_msgs/msg/detail/vehicle_control__type_support.c
[3.427s] -- Installing: /home/student/carla_ros2_ws/install/carla_parking_msgs/lib/libcarla_parking_msgs__rosidl_typesupport_introspection_c.so
[3.427s] -- Set runtime path of "/home/student/carla_ros2_ws/install/carla_parking_msgs/lib/libcarla_parking_msgs__rosidl_typesupport_introspection_c.so" to ""
[3.427s] -- Installing: /home/student/carla_ros2_ws/install/carla_parking_msgs/lib/libcarla_parking_msgs__rosidl_typesupport_c.so
[3.427s] -- Set runtime path of "/home/student/carla_ros2_ws/install/carla_parking_msgs/lib/libcarla_parking_msgs__rosidl_typesupport_c.so" to ""
[3.428s] -- Up-to-date: /home/student/carla_ros2_ws/install/carla_parking_msgs/include/carla_parking_msgs/carla_parking_msgs
[3.428s] -- Up-to-date: /home/student/carla_ros2_ws/install/carla_parking_msgs/include/carla_parking_msgs/carla_parking_msgs/msg
[3.428s] -- Installing: /home/student/carla_ros2_ws/install/carla_parking_msgs/include/carla_parking_msgs/carla_parking_msgs/msg/vehicle_control.hpp
[3.428s] -- Installing: /home/student/carla_ros2_ws/install/carla_parking_msgs/include/carla_parking_msgs/carla_parking_msgs/msg/rosidl_generator_cpp__visibility_control.hpp
[3.428s] -- Up-to-date: /home/student/carla_ros2_ws/install/carla_parking_msgs/include/carla_parking_msgs/carla_parking_msgs/msg/detail
[3.428s] -- Installing: /home/student/carla_ros2_ws/install/carla_parking_msgs/include/carla_parking_msgs/carla_parking_msgs/msg/detail/vehicle_control__type_support.hpp
[3.428s] -- Installing: /home/student/carla_ros2_ws/install/carla_parking_msgs/include/carla_parking_msgs/carla_parking_msgs/msg/detail/vehicle_control__builder.hpp
[3.428s] -- Installing: /home/student/carla_ros2_ws/install/carla_parking_msgs/include/carla_parking_msgs/carla_parking_msgs/msg/detail/vehicle_control__traits.hpp
[3.428s] -- Installing: /home/student/carla_ros2_ws/install/carla_parking_msgs/include/carla_parking_msgs/carla_parking_msgs/msg/detail/vehicle_control__struct.hpp
[3.428s] -- Up-to-date: /home/student/carla_ros2_ws/install/carla_parking_msgs/include/carla_parking_msgs/carla_parking_msgs
[3.428s] -- Up-to-date: /home/student/carla_ros2_ws/install/carla_parking_msgs/include/carla_parking_msgs/carla_parking_msgs/msg
[3.428s] -- Installing: /home/student/carla_ros2_ws/install/carla_parking_msgs/include/carla_parking_msgs/carla_parking_msgs/msg/rosidl_typesupport_fastrtps_cpp__visibility_control.h
[3.429s] -- Up-to-date: /home/student/carla_ros2_ws/install/carla_parking_msgs/include/carla_parking_msgs/carla_parking_msgs/msg/detail
[3.429s] -- Installing: /home/student/carla_ros2_ws/install/carla_parking_msgs/include/carla_parking_msgs/carla_parking_msgs/msg/detail/dds_fastrtps
[3.429s] -- Installing: /home/student/carla_ros2_ws/install/carla_parking_msgs/include/carla_parking_msgs/carla_parking_msgs/msg/detail/vehicle_control__rosidl_typesupport_fastrtps_cpp.hpp
[3.429s] -- Installing: /home/student/carla_ros2_ws/install/carla_parking_msgs/lib/libcarla_parking_msgs__rosidl_typesupport_fastrtps_cpp.so
[3.429s] -- Set runtime path of "/home/student/carla_ros2_ws/install/carla_parking_msgs/lib/libcarla_parking_msgs__rosidl_typesupport_fastrtps_cpp.so" to ""
[3.429s] -- Up-to-date: /home/student/carla_ros2_ws/install/carla_parking_msgs/include/carla_parking_msgs/carla_parking_msgs
[3.429s] -- Up-to-date: /home/student/carla_ros2_ws/install/carla_parking_msgs/include/carla_parking_msgs/carla_parking_msgs/msg
[3.429s] -- Up-to-date: /home/student/carla_ros2_ws/install/carla_parking_msgs/include/carla_parking_msgs/carla_parking_msgs/msg/detail
[3.429s] -- Installing: /home/student/carla_ros2_ws/install/carla_parking_msgs/include/carla_parking_msgs/carla_parking_msgs/msg/detail/vehicle_control__rosidl_typesupport_introspection_cpp.hpp
[3.429s] -- Installing: /home/student/carla_ros2_ws/install/carla_parking_msgs/include/carla_parking_msgs/carla_parking_msgs/msg/detail/vehicle_control__type_support.cpp
[3.429s] -- Installing: /home/student/carla_ros2_ws/install/carla_parking_msgs/lib/libcarla_parking_msgs__rosidl_typesupport_introspection_cpp.so
[3.430s] -- Set runtime path of "/home/student/carla_ros2_ws/install/carla_parking_msgs/lib/libcarla_parking_msgs__rosidl_typesupport_introspection_cpp.so" to ""
[3.430s] -- Installing: /home/student/carla_ros2_ws/install/carla_parking_msgs/lib/libcarla_parking_msgs__rosidl_typesupport_cpp.so
[3.430s] -- Set runtime path of "/home/student/carla_ros2_ws/install/carla_parking_msgs/lib/libcarla_parking_msgs__rosidl_typesupport_cpp.so" to ""
[3.430s] -- Installing: /home/student/carla_ros2_ws/install/carla_parking_msgs/share/carla_parking_msgs/environment/pythonpath.sh
[3.430s] -- Installing: /home/student/carla_ros2_ws/install/carla_parking_msgs/share/carla_parking_msgs/environment/pythonpath.dsv
[3.430s] -- Installing: /home/student/carla_ros2_ws/install/carla_parking_msgs/local/lib/python3.10/dist-packages/carla_parking_msgs-0.0.0-py3.10.egg-info
[3.430s] -- Installing: /home/student/carla_ros2_ws/install/carla_parking_msgs/local/lib/python3.10/dist-packages/carla_parking_msgs-0.0.0-py3.10.egg-info/dependency_links.txt
[3.430s] -- Installing: /home/student/carla_ros2_ws/install/carla_parking_msgs/local/lib/python3.10/dist-packages/carla_parking_msgs-0.0.0-py3.10.egg-info/PKG-INFO
[3.431s] -- Installing: /home/student/carla_ros2_ws/install/carla_parking_msgs/local/lib/python3.10/dist-packages/carla_parking_msgs-0.0.0-py3.10.egg-info/top_level.txt
[3.431s] -- Installing: /home/student/carla_ros2_ws/install/carla_parking_msgs/local/lib/python3.10/dist-packages/carla_parking_msgs-0.0.0-py3.10.egg-info/SOURCES.txt
[3.431s] -- Installing: /home/student/carla_ros2_ws/install/carla_parking_msgs/local/lib/python3.10/dist-packages/carla_parking_msgs
[3.431s] -- Installing: /home/student/carla_ros2_ws/install/carla_parking_msgs/local/lib/python3.10/dist-packages/carla_parking_msgs/carla_parking_msgs_s__rosidl_typesupport_fastrtps_c.cpython-310-x86_64-linux-gnu.so
[3.431s] -- Installing: /home/student/carla_ros2_ws/install/carla_parking_msgs/local/lib/python3.10/dist-packages/carla_parking_msgs/carla_parking_msgs_s__rosidl_typesupport_c.cpython-310-x86_64-linux-gnu.so
[3.431s] -- Installing: /home/student/carla_ros2_ws/install/carla_parking_msgs/local/lib/python3.10/dist-packages/carla_parking_msgs/libcarla_parking_msgs__rosidl_generator_py.so
[3.431s] -- Installing: /home/student/carla_ros2_ws/install/carla_parking_msgs/local/lib/python3.10/dist-packages/carla_parking_msgs/carla_parking_msgs_s__rosidl_typesupport_introspection_c.cpython-310-x86_64-linux-gnu.so
[3.431s] -- Installing: /home/student/carla_ros2_ws/install/carla_parking_msgs/local/lib/python3.10/dist-packages/carla_parking_msgs/_carla_parking_msgs_s.ep.rosidl_typesupport_introspection_c.c
[3.431s] -- Installing: /home/student/carla_ros2_ws/install/carla_parking_msgs/local/lib/python3.10/dist-packages/carla_parking_msgs/_carla_parking_msgs_s.ep.rosidl_typesupport_c.c
[3.431s] -- Installing: /home/student/carla_ros2_ws/install/carla_parking_msgs/local/lib/python3.10/dist-packages/carla_parking_msgs/_carla_parking_msgs_s.ep.rosidl_typesupport_fastrtps_c.c
[3.432s] -- Installing: /home/student/carla_ros2_ws/install/carla_parking_msgs/local/lib/python3.10/dist-packages/carla_parking_msgs/msg
[3.432s] -- Installing: /home/student/carla_ros2_ws/install/carla_parking_msgs/local/lib/python3.10/dist-packages/carla_parking_msgs/msg/_vehicle_control.py
[3.432s] -- Installing: /home/student/carla_ros2_ws/install/carla_parking_msgs/local/lib/python3.10/dist-packages/carla_parking_msgs/msg/_vehicle_control_s.c
[3.432s] -- Installing: /home/student/carla_ros2_ws/install/carla_parking_msgs/local/lib/python3.10/dist-packages/carla_parking_msgs/msg/__init__.py
[3.432s] -- Installing: /home/student/carla_ros2_ws/install/carla_parking_msgs/local/lib/python3.10/dist-packages/carla_parking_msgs/__init__.py
[3.456s] Listing '/home/student/carla_ros2_ws/install/carla_parking_msgs/local/lib/python3.10/dist-packages/carla_parking_msgs'...
[3.456s] Compiling '/home/student/carla_ros2_ws/install/carla_parking_msgs/local/lib/python3.10/dist-packages/carla_parking_msgs/__init__.py'...
[3.456s] Listing '/home/student/carla_ros2_ws/install/carla_parking_msgs/local/lib/python3.10/dist-packages/carla_parking_msgs/msg'...
[3.456s] Compiling '/home/student/carla_ros2_ws/install/carla_parking_msgs/local/lib/python3.10/dist-packages/carla_parking_msgs/msg/__init__.py'...
[3.457s] Compiling '/home/student/carla_ros2_ws/install/carla_parking_msgs/local/lib/python3.10/dist-packages/carla_parking_msgs/msg/_vehicle_control.py'...
[3.460s] -- Installing: /home/student/carla_ros2_ws/install/carla_parking_msgs/local/lib/python3.10/dist-packages/carla_parking_msgs/carla_parking_msgs_s__rosidl_typesupport_fastrtps_c.cpython-310-x86_64-linux-gnu.so
[3.460s] -- Set runtime path of "/home/student/carla_ros2_ws/install/carla_parking_msgs/local/lib/python3.10/dist-packages/carla_parking_msgs/carla_parking_msgs_s__rosidl_typesupport_fastrtps_c.cpython-310-x86_64-linux-gnu.so" to ""
[3.460s] -- Installing: /home/student/carla_ros2_ws/install/carla_parking_msgs/local/lib/python3.10/dist-packages/carla_parking_msgs/carla_parking_msgs_s__rosidl_typesupport_introspection_c.cpython-310-x86_64-linux-gnu.so
[3.460s] -- Set runtime path of "/home/student/carla_ros2_ws/install/carla_parking_msgs/local/lib/python3.10/dist-packages/carla_parking_msgs/carla_parking_msgs_s__rosidl_typesupport_introspection_c.cpython-310-x86_64-linux-gnu.so" to ""
[3.461s] -- Installing: /home/student/carla_ros2_ws/install/carla_parking_msgs/local/lib/python3.10/dist-packages/carla_parking_msgs/carla_parking_msgs_s__rosidl_typesupport_c.cpython-310-x86_64-linux-gnu.so
[3.461s] -- Set runtime path of "/home/student/carla_ros2_ws/install/carla_parking_msgs/local/lib/python3.10/dist-packages/carla_parking_msgs/carla_parking_msgs_s__rosidl_typesupport_c.cpython-310-x86_64-linux-gnu.so" to ""
[3.461s] -- Installing: /home/student/carla_ros2_ws/install/carla_parking_msgs/lib/libcarla_parking_msgs__rosidl_generator_py.so
[3.461s] -- Set runtime path of "/home/student/carla_ros2_ws/install/carla_parking_msgs/lib/libcarla_parking_msgs__rosidl_generator_py.so" to ""
[3.461s] -- Installing: /home/student/carla_ros2_ws/install/carla_parking_msgs/share/carla_parking_msgs/msg/VehicleControl.idl
[3.461s] -- Installing: /home/student/carla_ros2_ws/install/carla_parking_msgs/share/carla_parking_msgs/msg/VehicleControl.msg
[3.462s] -- Installing: /home/student/carla_ros2_ws/install/carla_parking_msgs/share/ament_index/resource_index/package_run_dependencies/carla_parking_msgs
[3.462s] -- Installing: /home/student/carla_ros2_ws/install/carla_parking_msgs/share/ament_index/resource_index/parent_prefix_path/carla_parking_msgs
[3.462s] -- Installing: /home/student/carla_ros2_ws/install/carla_parking_msgs/share/carla_parking_msgs/environment/ament_prefix_path.sh
[3.462s] -- Installing: /home/student/carla_ros2_ws/install/carla_parking_msgs/share/carla_parking_msgs/environment/ament_prefix_path.dsv
[3.462s] -- Installing: /home/student/carla_ros2_ws/install/carla_parking_msgs/share/carla_parking_msgs/environment/path.sh
[3.462s] -- Installing: /home/student/carla_ros2_ws/install/carla_parking_msgs/share/carla_parking_msgs/environment/path.dsv
[3.462s] -- Installing: /home/student/carla_ros2_ws/install/carla_parking_msgs/share/carla_parking_msgs/local_setup.bash
[3.462s] -- Installing: /home/student/carla_ros2_ws/install/carla_parking_msgs/share/carla_parking_msgs/local_setup.sh
[3.463s] -- Installing: /home/student/carla_ros2_ws/install/carla_parking_msgs/share/carla_parking_msgs/local_setup.zsh
[3.463s] -- Installing: /home/student/carla_ros2_ws/install/carla_parking_msgs/share/carla_parking_msgs/local_setup.dsv
[3.463s] -- Installing: /home/student/carla_ros2_ws/install/carla_parking_msgs/share/carla_parking_msgs/package.dsv
[3.463s] -- Installing: /home/student/carla_ros2_ws/install/carla_parking_msgs/share/ament_index/resource_index/packages/carla_parking_msgs
[3.463s] -- Installing: /home/student/carla_ros2_ws/install/carla_parking_msgs/share/carla_parking_msgs/cmake/export_carla_parking_msgs__rosidl_generator_cExport.cmake
[3.463s] -- Installing: /home/student/carla_ros2_ws/install/carla_parking_msgs/share/carla_parking_msgs/cmake/export_carla_parking_msgs__rosidl_generator_cExport-noconfig.cmake
[3.463s] -- Installing: /home/student/carla_ros2_ws/install/carla_parking_msgs/share/carla_parking_msgs/cmake/export_carla_parking_msgs__rosidl_typesupport_fastrtps_cExport.cmake
[3.464s] -- Installing: /home/student/carla_ros2_ws/install/carla_parking_msgs/share/carla_parking_msgs/cmake/export_carla_parking_msgs__rosidl_typesupport_fastrtps_cExport-noconfig.cmake
[3.464s] -- Installing: /home/student/carla_ros2_ws/install/carla_parking_msgs/share/carla_parking_msgs/cmake/carla_parking_msgs__rosidl_typesupport_introspection_cExport.cmake
[3.464s] -- Installing: /home/student/carla_ros2_ws/install/carla_parking_msgs/share/carla_parking_msgs/cmake/carla_parking_msgs__rosidl_typesupport_introspection_cExport-noconfig.cmake
[3.464s] -- Installing: /home/student/carla_ros2_ws/install/carla_parking_msgs/share/carla_parking_msgs/cmake/carla_parking_msgs__rosidl_typesupport_cExport.cmake
[3.464s] -- Installing: /home/student/carla_ros2_ws/install/carla_parking_msgs/share/carla_parking_msgs/cmake/carla_parking_msgs__rosidl_typesupport_cExport-noconfig.cmake
[3.464s] -- Installing: /home/student/carla_ros2_ws/install/carla_parking_msgs/share/carla_parking_msgs/cmake/export_carla_parking_msgs__rosidl_generator_cppExport.cmake
[3.464s] -- Installing: /home/student/carla_ros2_ws/install/carla_parking_msgs/share/carla_parking_msgs/cmake/export_carla_parking_msgs__rosidl_typesupport_fastrtps_cppExport.cmake
[3.465s] -- Installing: /home/student/carla_ros2_ws/install/carla_parking_msgs/share/carla_parking_msgs/cmake/export_carla_parking_msgs__rosidl_typesupport_fastrtps_cppExport-noconfig.cmake
[3.465s] -- Installing: /home/student/carla_ros2_ws/install/carla_parking_msgs/share/carla_parking_msgs/cmake/carla_parking_msgs__rosidl_typesupport_introspection_cppExport.cmake
[3.465s] -- Installing: /home/student/carla_ros2_ws/install/carla_parking_msgs/share/carla_parking_msgs/cmake/carla_parking_msgs__rosidl_typesupport_introspection_cppExport-noconfig.cmake
[3.465s] -- Installing: /home/student/carla_ros2_ws/install/carla_parking_msgs/share/carla_parking_msgs/cmake/carla_parking_msgs__rosidl_typesupport_cppExport.cmake
[3.465s] -- Installing: /home/student/carla_ros2_ws/install/carla_parking_msgs/share/carla_parking_msgs/cmake/carla_parking_msgs__rosidl_typesupport_cppExport-noconfig.cmake
[3.465s] -- Installing: /home/student/carla_ros2_ws/install/carla_parking_msgs/share/carla_parking_msgs/cmake/export_carla_parking_msgs__rosidl_generator_pyExport.cmake
[3.465s] -- Installing: /home/student/carla_ros2_ws/install/carla_parking_msgs/share/carla_parking_msgs/cmake/export_carla_parking_msgs__rosidl_generator_pyExport-noconfig.cmake
[3.465s] -- Installing: /home/student/carla_ros2_ws/install/carla_parking_msgs/share/carla_parking_msgs/cmake/rosidl_cmake-extras.cmake
[3.465s] -- Installing: /home/student/carla_ros2_ws/install/carla_parking_msgs/share/carla_parking_msgs/cmake/ament_cmake_export_include_directories-extras.cmake
[3.466s] -- Installing: /home/student/carla_ros2_ws/install/carla_parking_msgs/share/carla_parking_msgs/cmake/ament_cmake_export_libraries-extras.cmake
[3.466s] -- Installing: /home/student/carla_ros2_ws/install/carla_parking_msgs/share/carla_parking_msgs/cmake/ament_cmake_export_targets-extras.cmake
[3.466s] -- Installing: /home/student/carla_ros2_ws/install/carla_parking_msgs/share/carla_parking_msgs/cmake/rosidl_cmake_export_typesupport_targets-extras.cmake
[3.466s] -- Installing: /home/student/carla_ros2_ws/install/carla_parking_msgs/share/carla_parking_msgs/cmake/ament_cmake_export_dependencies-extras.cmake
[3.466s] -- Installing: /home/student/carla_ros2_ws/install/carla_parking_msgs/share/carla_parking_msgs/cmake/rosidl_cmake_export_typesupport_libraries-extras.cmake
[3.466s] -- Installing: /home/student/carla_ros2_ws/install/carla_parking_msgs/share/carla_parking_msgs/cmake/carla_parking_msgsConfig.cmake
[3.466s] -- Installing: /home/student/carla_ros2_ws/install/carla_parking_msgs/share/carla_parking_msgs/cmake/carla_parking_msgsConfig-version.cmake
[3.466s] -- Installing: /home/student/carla_ros2_ws/install/carla_parking_msgs/share/carla_parking_msgs/package.xml
[3.469s] Invoked command in '/home/student/carla_ros2_ws/build/carla_parking_msgs' returned '0': CMAKE_PREFIX_PATH=/opt/ros/humble:/home/student/carla_ros2_ws/install/carla_parking_nodes /usr/bin/cmake --install /home/student/carla_ros2_ws/build/carla_parking_msgs
