[0.518s] Invoking command in '/home/student/carla_ros2_ws/src/carla_parking_nodes': AMENT_PREFIX_PATH=/home/student/carla_ros2_ws/install/carla_parking_msgs:${AMENT_PREFIX_PATH} CMAKE_PREFIX_PATH=/home/student/carla_ros2_ws/install/carla_parking_msgs LD_LIBRARY_PATH=/home/student/carla_ros2_ws/install/carla_parking_msgs/lib PYTHONPATH=/home/student/carla_ros2_ws/build/carla_parking_nodes/prefix_override:/usr/lib/python3/dist-packages/colcon_core/task/python/colcon_distutils_commands:/home/student/carla_ros2_ws/install/carla_parking_nodes/lib/python3.10/site-packages:/home/student/carla_ros2_ws/install/carla_parking_msgs/local/lib/python3.10/dist-packages:${PYTHONPATH} /usr/bin/python3 -W ignore:setup.py install is deprecated -W ignore:easy_install command is deprecated setup.py egg_info --egg-base ../../build/carla_parking_nodes build --build-base /home/student/carla_ros2_ws/build/carla_parking_nodes/build install --record /home/student/carla_ros2_ws/build/carla_parking_nodes/install.log --single-version-externally-managed install_data
[0.665s] running egg_info
[0.670s] writing ../../build/carla_parking_nodes/carla_parking_nodes.egg-info/PKG-INFO
[0.671s] writing dependency_links to ../../build/carla_parking_nodes/carla_parking_nodes.egg-info/dependency_links.txt
[0.671s] writing entry points to ../../build/carla_parking_nodes/carla_parking_nodes.egg-info/entry_points.txt
[0.671s] writing requirements to ../../build/carla_parking_nodes/carla_parking_nodes.egg-info/requires.txt
[0.671s] writing top-level names to ../../build/carla_parking_nodes/carla_parking_nodes.egg-info/top_level.txt
[0.683s] reading manifest file '../../build/carla_parking_nodes/carla_parking_nodes.egg-info/SOURCES.txt'
[0.684s] writing manifest file '../../build/carla_parking_nodes/carla_parking_nodes.egg-info/SOURCES.txt'
[0.684s] running build
[0.684s] running build_py
[0.685s] copying carla_parking_nodes/parking_map_node.py -> /home/student/carla_ros2_ws/build/carla_parking_nodes/build/lib/carla_parking_nodes
[0.685s] copying carla_parking_nodes/carla_interface_node.py -> /home/student/carla_ros2_ws/build/carla_parking_nodes/build/lib/carla_parking_nodes
[0.685s] copying carla_parking_nodes/data_logger_node.py -> /home/student/carla_ros2_ws/build/carla_parking_nodes/build/lib/carla_parking_nodes
[0.685s] copying carla_parking_nodes/parking_slots.py -> /home/student/carla_ros2_ws/build/carla_parking_nodes/build/lib/carla_parking_nodes
[0.685s] copying carla_parking_nodes/sensor_viewer_node.py -> /home/student/carla_ros2_ws/build/carla_parking_nodes/build/lib/carla_parking_nodes
[0.685s] copying carla_parking_nodes/__init__.py -> /home/student/carla_ros2_ws/build/carla_parking_nodes/build/lib/carla_parking_nodes
[0.685s] copying carla_parking_nodes/spawn_vehicle_nodeX.py -> /home/student/carla_ros2_ws/build/carla_parking_nodes/build/lib/carla_parking_nodes
[0.685s] running install
[0.688s] running install_lib
[0.695s] running install_data
[0.695s] copying resource/carla_parking_nodes -> /home/student/carla_ros2_ws/install/carla_parking_nodes/share/ament_index/resource_index/packages
[0.695s] copying package.xml -> /home/student/carla_ros2_ws/install/carla_parking_nodes/share/carla_parking_nodes
[0.695s] running install_egg_info
[0.702s] removing '/home/student/carla_ros2_ws/install/carla_parking_nodes/lib/python3.10/site-packages/carla_parking_nodes-0.0.0-py3.10.egg-info' (and everything under it)
[0.702s] Copying ../../build/carla_parking_nodes/carla_parking_nodes.egg-info to /home/student/carla_ros2_ws/install/carla_parking_nodes/lib/python3.10/site-packages/carla_parking_nodes-0.0.0-py3.10.egg-info
[0.702s] running install_scripts
[0.754s] Installing carla_interface_node script to /home/student/carla_ros2_ws/install/carla_parking_nodes/lib/carla_parking_nodes
[0.754s] Installing parking_map_node script to /home/student/carla_ros2_ws/install/carla_parking_nodes/lib/carla_parking_nodes
[0.754s] Installing sensor_viewer_node script to /home/student/carla_ros2_ws/install/carla_parking_nodes/lib/carla_parking_nodes
[0.754s] writing list of installed files to '/home/student/carla_ros2_ws/build/carla_parking_nodes/install.log'
[0.771s] Invoked command in '/home/student/carla_ros2_ws/src/carla_parking_nodes' returned '0': AMENT_PREFIX_PATH=/home/student/carla_ros2_ws/install/carla_parking_msgs:${AMENT_PREFIX_PATH} CMAKE_PREFIX_PATH=/home/student/carla_ros2_ws/install/carla_parking_msgs LD_LIBRARY_PATH=/home/student/carla_ros2_ws/install/carla_parking_msgs/lib PYTHONPATH=/home/student/carla_ros2_ws/build/carla_parking_nodes/prefix_override:/usr/lib/python3/dist-packages/colcon_core/task/python/colcon_distutils_commands:/home/student/carla_ros2_ws/install/carla_parking_nodes/lib/python3.10/site-packages:/home/student/carla_ros2_ws/install/carla_parking_msgs/local/lib/python3.10/dist-packages:${PYTHONPATH} /usr/bin/python3 -W ignore:setup.py install is deprecated -W ignore:easy_install command is deprecated setup.py egg_info --egg-base ../../build/carla_parking_nodes build --build-base /home/student/carla_ros2_ws/build/carla_parking_nodes/build install --record /home/student/carla_ros2_ws/build/carla_parking_nodes/install.log --single-version-externally-managed install_data
