[0.560s] Invoking command in '/home/student/carla_ros2_ws/src/carla_parking_nodes': PYTHONPATH=/home/student/carla_ros2_ws/build/carla_parking_nodes/prefix_override:/usr/lib/python3/dist-packages/colcon_core/task/python/colcon_distutils_commands:/home/student/carla_ros2_ws/install/carla_parking_nodes/lib/python3.10/site-packages:${PYTHONPATH} /usr/bin/python3 -W ignore:setup.py install is deprecated -W ignore:easy_install command is deprecated setup.py egg_info --egg-base ../../build/carla_parking_nodes build --build-base /home/student/carla_ros2_ws/build/carla_parking_nodes/build install --record /home/student/carla_ros2_ws/build/carla_parking_nodes/install.log --single-version-externally-managed install_data
[0.749s] running egg_info
[0.758s] writing ../../build/carla_parking_nodes/carla_parking_nodes.egg-info/PKG-INFO
[0.758s] writing dependency_links to ../../build/carla_parking_nodes/carla_parking_nodes.egg-info/dependency_links.txt
[0.758s] writing entry points to ../../build/carla_parking_nodes/carla_parking_nodes.egg-info/entry_points.txt
[0.759s] writing requirements to ../../build/carla_parking_nodes/carla_parking_nodes.egg-info/requires.txt
[0.759s] writing top-level names to ../../build/carla_parking_nodes/carla_parking_nodes.egg-info/top_level.txt
[0.779s] reading manifest file '../../build/carla_parking_nodes/carla_parking_nodes.egg-info/SOURCES.txt'
[0.780s] writing manifest file '../../build/carla_parking_nodes/carla_parking_nodes.egg-info/SOURCES.txt'
[0.780s] running build
[0.780s] running build_py
[0.781s] copying carla_parking_nodes/parking_map_node.py -> /home/student/carla_ros2_ws/build/carla_parking_nodes/build/lib/carla_parking_nodes
[0.781s] copying carla_parking_nodes/carla_interface_node.py -> /home/student/carla_ros2_ws/build/carla_parking_nodes/build/lib/carla_parking_nodes
[0.781s] copying carla_parking_nodes/data_logger_node.py -> /home/student/carla_ros2_ws/build/carla_parking_nodes/build/lib/carla_parking_nodes
[0.781s] copying carla_parking_nodes/parking_slots.py -> /home/student/carla_ros2_ws/build/carla_parking_nodes/build/lib/carla_parking_nodes
[0.781s] copying carla_parking_nodes/sensor_viewer_node.py -> /home/student/carla_ros2_ws/build/carla_parking_nodes/build/lib/carla_parking_nodes
[0.781s] copying carla_parking_nodes/__init__.py -> /home/student/carla_ros2_ws/build/carla_parking_nodes/build/lib/carla_parking_nodes
[0.781s] copying carla_parking_nodes/spawn_vehicle_nodeX.py -> /home/student/carla_ros2_ws/build/carla_parking_nodes/build/lib/carla_parking_nodes
[0.782s] running install
[0.786s] running install_lib
[0.796s] copying /home/student/carla_ros2_ws/build/carla_parking_nodes/build/lib/carla_parking_nodes/sensor_viewer_node.py -> /home/student/carla_ros2_ws/install/carla_parking_nodes/lib/python3.10/site-packages/carla_parking_nodes
[0.796s] byte-compiling /home/student/carla_ros2_ws/install/carla_parking_nodes/lib/python3.10/site-packages/carla_parking_nodes/sensor_viewer_node.py to sensor_viewer_node.cpython-310.pyc
[0.799s] running install_data
[0.799s] copying resource/carla_parking_nodes -> /home/student/carla_ros2_ws/install/carla_parking_nodes/share/ament_index/resource_index/packages
[0.799s] copying package.xml -> /home/student/carla_ros2_ws/install/carla_parking_nodes/share/carla_parking_nodes
[0.799s] running install_egg_info
[0.810s] removing '/home/student/carla_ros2_ws/install/carla_parking_nodes/lib/python3.10/site-packages/carla_parking_nodes-0.0.0-py3.10.egg-info' (and everything under it)
[0.810s] Copying ../../build/carla_parking_nodes/carla_parking_nodes.egg-info to /home/student/carla_ros2_ws/install/carla_parking_nodes/lib/python3.10/site-packages/carla_parking_nodes-0.0.0-py3.10.egg-info
[0.811s] running install_scripts
[0.889s] Installing carla_interface_node script to /home/student/carla_ros2_ws/install/carla_parking_nodes/lib/carla_parking_nodes
[0.889s] Installing parking_map_node script to /home/student/carla_ros2_ws/install/carla_parking_nodes/lib/carla_parking_nodes
[0.889s] Installing sensor_viewer_node script to /home/student/carla_ros2_ws/install/carla_parking_nodes/lib/carla_parking_nodes
[0.890s] writing list of installed files to '/home/student/carla_ros2_ws/build/carla_parking_nodes/install.log'
[0.910s] Invoked command in '/home/student/carla_ros2_ws/src/carla_parking_nodes' returned '0': PYTHONPATH=/home/student/carla_ros2_ws/build/carla_parking_nodes/prefix_override:/usr/lib/python3/dist-packages/colcon_core/task/python/colcon_distutils_commands:/home/student/carla_ros2_ws/install/carla_parking_nodes/lib/python3.10/site-packages:${PYTHONPATH} /usr/bin/python3 -W ignore:setup.py install is deprecated -W ignore:easy_install command is deprecated setup.py egg_info --egg-base ../../build/carla_parking_nodes build --build-base /home/student/carla_ros2_ws/build/carla_parking_nodes/build install --record /home/student/carla_ros2_ws/build/carla_parking_nodes/install.log --single-version-externally-managed install_data
